Using pre-set license
Built from '2020.3/staging' branch; Version is '2020.3.9f1 (108be757e447) revision 1084391'; Using compiler version '192528614'; Build Type 'Release'
OS: 'Windows 10 Home Single Language; OS build 19042.985; Version 2009; 64bit' Language: 'ru' Physical Memory: 8112 MB
BatchMode: 1, IsHumanControllingUs: 0, StartBugReporterOnCrash: 0, Is64bit: 1, IsPro: 0

 COMMAND LINE ARGUMENTS:
D:\Program Files\Unity\Hub\Editor\2020.3.9f1\Editor\Unity.exe
-adb2
-batchMode
-noUpm
-name
AssetImportWorker0
-projectPath
D:/Games/Ambitions/VEGA/Project/Vega
-logFile
Logs/AssetImportWorker0.log
-srvPort
58223
Successfully changed project path to: D:/Games/Ambitions/VEGA/Project/Vega
D:/Games/Ambitions/VEGA/Project/Vega
Using Asset Import Pipeline V2.
Refreshing native plugins compatible for Editor in 101.68 ms, found 1 plugins.
Preloading 0 native plugins for Editor in 0.00 ms.
Initialize engine version: 2020.3.9f1 (108be757e447)
[Subsystems] Discovering subsystems at path D:/Program Files/Unity/Hub/Editor/2020.3.9f1/Editor/Data/Resources/UnitySubsystems
[Subsystems] Discovering subsystems at path D:/Games/Ambitions/VEGA/Project/Vega/Assets
GfxDevice: creating device client; threaded=0
Direct3D:
    Version:  Direct3D 11.0 [level 11.1]
    Renderer: NVIDIA GeForce GTX 1050 (ID=0x1c8d)
    Vendor:   
    VRAM:     1979 MB
    Driver:   27.21.14.6192
Initialize mono
Mono path[0] = 'D:/Program Files/Unity/Hub/Editor/2020.3.9f1/Editor/Data/Managed'
Mono path[1] = 'D:/Program Files/Unity/Hub/Editor/2020.3.9f1/Editor/Data/MonoBleedingEdge/lib/mono/unityjit'
Mono config path = 'D:/Program Files/Unity/Hub/Editor/2020.3.9f1/Editor/Data/MonoBleedingEdge/etc'
Using monoOptions --debugger-agent=transport=dt_socket,embedding=1,server=y,suspend=n,address=127.0.0.1:56036
Begin MonoManager ReloadAssembly
Registering precompiled unity dll's ...
Register platform support module: D:/Program Files/Unity/Hub/Editor/2020.3.9f1/Editor/Data/PlaybackEngines/WindowsStandaloneSupport/UnityEditor.WindowsStandalone.Extensions.dll
Registered in 0.001368 seconds.
Native extension for WindowsStandalone target not found
Refreshing native plugins compatible for Editor in 110.17 ms, found 1 plugins.
Preloading 0 native plugins for Editor in 0.00 ms.
Mono: successfully reloaded assembly
- Completed reload, in  2.479 seconds
Platform modules already initialized, skipping
Registering precompiled user dll's ...
Registered in 0.004982 seconds.
Begin MonoManager ReloadAssembly
Native extension for WindowsStandalone target not found
Refreshing native plugins compatible for Editor in 96.67 ms, found 1 plugins.
Preloading 0 native plugins for Editor in 0.00 ms.
Mono: successfully reloaded assembly
- Completed reload, in  2.463 seconds
Platform modules already initialized, skipping
========================================================================
Worker process is ready to serve import requests
Launched and connected shader compiler UnityShaderCompiler.exe after 0.14 seconds
Refreshing native plugins compatible for Editor in 1.31 ms, found 1 plugins.
Preloading 0 native plugins for Editor in 0.00 ms.
Unloading 2623 Unused Serialized files (Serialized files now loaded: 0)
System memory in use before: 109.3 MB.
System memory in use after: 109.4 MB.

Unloading 25 unused Assets to reduce memory usage. Loaded Objects now: 3071.
Total: 4.698000 ms (FindLiveObjects: 0.912700 ms CreateObjectMapping: 0.390900 ms MarkObjects: 3.217700 ms  DeleteObjects: 0.174300 ms)

========================================================================
Received Import Request.
  path: Assets/Prefabs/SampleProp.prefab
  artifactKey: Guid(6e2e12480282be848bff36551469484a) Importer(815301076,1909f56bfc062723c751e8b465ee728b)
Start importing Assets/Prefabs/SampleProp.prefab using Guid(6e2e12480282be848bff36551469484a) Importer(815301076,1909f56bfc062723c751e8b465ee728b)  -> (artifact id: '3e54fc9492c79d197d9687e69d88d764') in 0.356257 seconds
  Import took 0.426838 seconds .

========================================================================
Received Prepare
Registering precompiled user dll's ...
Registered in 0.005847 seconds.
Begin MonoManager ReloadAssembly
Native extension for WindowsStandalone target not found
Refreshing native plugins compatible for Editor in 3.04 ms, found 1 plugins.
Preloading 0 native plugins for Editor in 0.00 ms.
Mono: successfully reloaded assembly
- Completed reload, in  2.259 seconds
Platform modules already initialized, skipping
Refreshing native plugins compatible for Editor in 12.60 ms, found 1 plugins.
Preloading 0 native plugins for Editor in 0.00 ms.
Unloading 2611 Unused Serialized files (Serialized files now loaded: 0)
System memory in use before: 111.7 MB.
System memory in use after: 111.8 MB.

Unloading 13 unused Assets to reduce memory usage. Loaded Objects now: 3082.
Total: 28.821200 ms (FindLiveObjects: 3.230300 ms CreateObjectMapping: 1.174900 ms MarkObjects: 8.702500 ms  DeleteObjects: 15.707200 ms)

========================================================================
Received Prepare
Registering precompiled user dll's ...
Registered in 0.001425 seconds.
Begin MonoManager ReloadAssembly
Native extension for WindowsStandalone target not found
Refreshing native plugins compatible for Editor in 0.54 ms, found 1 plugins.
Preloading 0 native plugins for Editor in 0.00 ms.
Mono: successfully reloaded assembly
- Completed reload, in  1.751 seconds
Platform modules already initialized, skipping
Refreshing native plugins compatible for Editor in 0.72 ms, found 1 plugins.
Preloading 0 native plugins for Editor in 0.00 ms.
Unloading 2611 Unused Serialized files (Serialized files now loaded: 0)
System memory in use before: 111.8 MB.
System memory in use after: 111.8 MB.

Unloading 13 unused Assets to reduce memory usage. Loaded Objects now: 3086.
Total: 6.403500 ms (FindLiveObjects: 0.405200 ms CreateObjectMapping: 0.275400 ms MarkObjects: 5.581400 ms  DeleteObjects: 0.138800 ms)

========================================================================
Received Prepare
Registering precompiled user dll's ...
Registered in 0.006434 seconds.
Begin MonoManager ReloadAssembly
Native extension for WindowsStandalone target not found
Refreshing native plugins compatible for Editor in 2.57 ms, found 1 plugins.
Preloading 0 native plugins for Editor in 0.00 ms.
Mono: successfully reloaded assembly
- Completed reload, in  1.902 seconds
Platform modules already initialized, skipping
Refreshing native plugins compatible for Editor in 0.63 ms, found 1 plugins.
Preloading 0 native plugins for Editor in 0.00 ms.
Unloading 2611 Unused Serialized files (Serialized files now loaded: 0)
System memory in use before: 111.8 MB.
System memory in use after: 111.9 MB.

Unloading 13 unused Assets to reduce memory usage. Loaded Objects now: 3090.
Total: 3.397700 ms (FindLiveObjects: 0.303300 ms CreateObjectMapping: 0.184000 ms MarkObjects: 2.718800 ms  DeleteObjects: 0.190200 ms)

========================================================================
Received Prepare
Registering precompiled user dll's ...
Registered in 0.005053 seconds.
Begin MonoManager ReloadAssembly
Native extension for WindowsStandalone target not found
Refreshing native plugins compatible for Editor in 0.59 ms, found 1 plugins.
Preloading 0 native plugins for Editor in 0.00 ms.
Mono: successfully reloaded assembly
- Completed reload, in  1.853 seconds
Platform modules already initialized, skipping
Refreshing native plugins compatible for Editor in 0.57 ms, found 1 plugins.
Preloading 0 native plugins for Editor in 0.00 ms.
Unloading 2611 Unused Serialized files (Serialized files now loaded: 0)
System memory in use before: 111.8 MB.
System memory in use after: 111.9 MB.

Unloading 13 unused Assets to reduce memory usage. Loaded Objects now: 3094.
Total: 3.053800 ms (FindLiveObjects: 0.334200 ms CreateObjectMapping: 0.200300 ms MarkObjects: 2.373900 ms  DeleteObjects: 0.143800 ms)

========================================================================
Received Prepare
Registering precompiled user dll's ...
Registered in 0.001621 seconds.
Begin MonoManager ReloadAssembly
Native extension for WindowsStandalone target not found
Refreshing native plugins compatible for Editor in 1.70 ms, found 1 plugins.
Preloading 0 native plugins for Editor in 0.00 ms.
Mono: successfully reloaded assembly
- Completed reload, in  1.812 seconds
Platform modules already initialized, skipping
Refreshing native plugins compatible for Editor in 0.62 ms, found 1 plugins.
Preloading 0 native plugins for Editor in 0.00 ms.
Unloading 2611 Unused Serialized files (Serialized files now loaded: 0)
System memory in use before: 111.7 MB.
System memory in use after: 111.8 MB.

Unloading 13 unused Assets to reduce memory usage. Loaded Objects now: 3098.
Total: 3.779600 ms (FindLiveObjects: 0.507800 ms CreateObjectMapping: 0.302300 ms MarkObjects: 2.789600 ms  DeleteObjects: 0.177700 ms)

========================================================================
Received Prepare
Registering precompiled user dll's ...
Registered in 0.002843 seconds.
Begin MonoManager ReloadAssembly
Native extension for WindowsStandalone target not found
Refreshing native plugins compatible for Editor in 0.60 ms, found 1 plugins.
Preloading 0 native plugins for Editor in 0.00 ms.
Mono: successfully reloaded assembly
- Completed reload, in  1.692 seconds
Platform modules already initialized, skipping
Refreshing native plugins compatible for Editor in 0.60 ms, found 1 plugins.
Preloading 0 native plugins for Editor in 0.00 ms.
Unloading 2611 Unused Serialized files (Serialized files now loaded: 0)
System memory in use before: 111.8 MB.
System memory in use after: 111.9 MB.

Unloading 13 unused Assets to reduce memory usage. Loaded Objects now: 3102.
Total: 8.698800 ms (FindLiveObjects: 0.346400 ms CreateObjectMapping: 0.241700 ms MarkObjects: 7.404400 ms  DeleteObjects: 0.702500 ms)

========================================================================
Received Prepare
Registering precompiled user dll's ...
Registered in 0.002466 seconds.
Begin MonoManager ReloadAssembly
Native extension for WindowsStandalone target not found
Refreshing native plugins compatible for Editor in 0.55 ms, found 1 plugins.
Preloading 0 native plugins for Editor in 0.00 ms.
Mono: successfully reloaded assembly
- Completed reload, in  1.812 seconds
Platform modules already initialized, skipping
Refreshing native plugins compatible for Editor in 0.66 ms, found 1 plugins.
Preloading 0 native plugins for Editor in 0.00 ms.
Unloading 2611 Unused Serialized files (Serialized files now loaded: 0)
System memory in use before: 111.8 MB.
System memory in use after: 111.9 MB.

Unloading 13 unused Assets to reduce memory usage. Loaded Objects now: 3106.
Total: 4.081600 ms (FindLiveObjects: 0.399300 ms CreateObjectMapping: 0.414400 ms MarkObjects: 3.130600 ms  DeleteObjects: 0.135600 ms)

========================================================================
Received Prepare
Registering precompiled user dll's ...
Registered in 0.005730 seconds.
Begin MonoManager ReloadAssembly
Native extension for WindowsStandalone target not found
Refreshing native plugins compatible for Editor in 1.14 ms, found 1 plugins.
Preloading 0 native plugins for Editor in 0.00 ms.
Mono: successfully reloaded assembly
- Completed reload, in  1.698 seconds
Platform modules already initialized, skipping
Refreshing native plugins compatible for Editor in 0.54 ms, found 1 plugins.
Preloading 0 native plugins for Editor in 0.00 ms.
Unloading 2611 Unused Serialized files (Serialized files now loaded: 0)
System memory in use before: 111.8 MB.
System memory in use after: 111.9 MB.

Unloading 13 unused Assets to reduce memory usage. Loaded Objects now: 3110.
Total: 3.074200 ms (FindLiveObjects: 0.350200 ms CreateObjectMapping: 0.265800 ms MarkObjects: 2.232400 ms  DeleteObjects: 0.224600 ms)

========================================================================
Received Prepare
Registering precompiled user dll's ...
Registered in 0.039637 seconds.
Begin MonoManager ReloadAssembly
Native extension for WindowsStandalone target not found
Refreshing native plugins compatible for Editor in 0.54 ms, found 1 plugins.
Preloading 0 native plugins for Editor in 0.00 ms.
Mono: successfully reloaded assembly
- Completed reload, in  1.828 seconds
Platform modules already initialized, skipping
Refreshing native plugins compatible for Editor in 2.63 ms, found 1 plugins.
Preloading 0 native plugins for Editor in 0.00 ms.
Unloading 2611 Unused Serialized files (Serialized files now loaded: 0)
System memory in use before: 111.9 MB.
System memory in use after: 111.9 MB.

Unloading 13 unused Assets to reduce memory usage. Loaded Objects now: 3114.
Total: 8.485800 ms (FindLiveObjects: 1.196500 ms CreateObjectMapping: 0.871800 ms MarkObjects: 6.221800 ms  DeleteObjects: 0.192600 ms)

========================================================================
Received Prepare
Registering precompiled user dll's ...
Registered in 0.001711 seconds.
Begin MonoManager ReloadAssembly
Native extension for WindowsStandalone target not found
Refreshing native plugins compatible for Editor in 0.57 ms, found 1 plugins.
Preloading 0 native plugins for Editor in 0.00 ms.
Mono: successfully reloaded assembly
- Completed reload, in  1.921 seconds
Platform modules already initialized, skipping
Refreshing native plugins compatible for Editor in 1.20 ms, found 1 plugins.
Preloading 0 native plugins for Editor in 0.00 ms.
Unloading 2611 Unused Serialized files (Serialized files now loaded: 0)
System memory in use before: 111.9 MB.
System memory in use after: 111.9 MB.

Unloading 13 unused Assets to reduce memory usage. Loaded Objects now: 3118.
Total: 5.968800 ms (FindLiveObjects: 0.426200 ms CreateObjectMapping: 0.350100 ms MarkObjects: 4.992000 ms  DeleteObjects: 0.198400 ms)

========================================================================
Received Prepare
Registering precompiled user dll's ...
Registered in 0.014673 seconds.
Begin MonoManager ReloadAssembly
Native extension for WindowsStandalone target not found
Refreshing native plugins compatible for Editor in 0.53 ms, found 1 plugins.
Preloading 0 native plugins for Editor in 0.00 ms.
Mono: successfully reloaded assembly
- Completed reload, in  1.222 seconds
Platform modules already initialized, skipping
Refreshing native plugins compatible for Editor in 0.98 ms, found 1 plugins.
Preloading 0 native plugins for Editor in 0.00 ms.
Unloading 2611 Unused Serialized files (Serialized files now loaded: 0)
System memory in use before: 111.9 MB.
System memory in use after: 112.0 MB.

Unloading 13 unused Assets to reduce memory usage. Loaded Objects now: 3122.
Total: 3.773300 ms (FindLiveObjects: 0.362200 ms CreateObjectMapping: 0.252100 ms MarkObjects: 2.962500 ms  DeleteObjects: 0.194400 ms)

========================================================================
Received Prepare
Registering precompiled user dll's ...
Registered in 0.059663 seconds.
Begin MonoManager ReloadAssembly
Native extension for WindowsStandalone target not found
Refreshing native plugins compatible for Editor in 2.81 ms, found 1 plugins.
Preloading 0 native plugins for Editor in 0.00 ms.
Mono: successfully reloaded assembly
- Completed reload, in  1.621 seconds
Platform modules already initialized, skipping
Refreshing native plugins compatible for Editor in 0.56 ms, found 1 plugins.
Preloading 0 native plugins for Editor in 0.00 ms.
Unloading 2611 Unused Serialized files (Serialized files now loaded: 0)
System memory in use before: 111.9 MB.
System memory in use after: 112.0 MB.

Unloading 13 unused Assets to reduce memory usage. Loaded Objects now: 3126.
Total: 10.175200 ms (FindLiveObjects: 2.863200 ms CreateObjectMapping: 1.110500 ms MarkObjects: 5.773700 ms  DeleteObjects: 0.395400 ms)

========================================================================
Received Prepare
Registering precompiled user dll's ...
Registered in 0.003517 seconds.
Begin MonoManager ReloadAssembly
Native extension for WindowsStandalone target not found
Refreshing native plugins compatible for Editor in 0.70 ms, found 1 plugins.
Preloading 0 native plugins for Editor in 0.00 ms.
Mono: successfully reloaded assembly
- Completed reload, in  2.135 seconds
Platform modules already initialized, skipping
Refreshing native plugins compatible for Editor in 0.70 ms, found 1 plugins.
Preloading 0 native plugins for Editor in 0.00 ms.
Unloading 2611 Unused Serialized files (Serialized files now loaded: 0)
System memory in use before: 111.8 MB.
System memory in use after: 111.9 MB.

Unloading 13 unused Assets to reduce memory usage. Loaded Objects now: 3130.
Total: 10.359200 ms (FindLiveObjects: 6.431800 ms CreateObjectMapping: 1.362900 ms MarkObjects: 2.412400 ms  DeleteObjects: 0.141000 ms)

========================================================================
Received Prepare
Registering precompiled user dll's ...
Registered in 0.001551 seconds.
Begin MonoManager ReloadAssembly
Native extension for WindowsStandalone target not found
Refreshing native plugins compatible for Editor in 7.65 ms, found 1 plugins.
Preloading 0 native plugins for Editor in 0.00 ms.
Mono: successfully reloaded assembly
- Completed reload, in  3.498 seconds
Platform modules already initialized, skipping
Refreshing native plugins compatible for Editor in 0.55 ms, found 1 plugins.
Preloading 0 native plugins for Editor in 0.00 ms.
Unloading 2611 Unused Serialized files (Serialized files now loaded: 0)
System memory in use before: 111.9 MB.
System memory in use after: 112.0 MB.

Unloading 13 unused Assets to reduce memory usage. Loaded Objects now: 3134.
Total: 3.046700 ms (FindLiveObjects: 0.352100 ms CreateObjectMapping: 0.207700 ms MarkObjects: 2.349500 ms  DeleteObjects: 0.135700 ms)

========================================================================
Received Prepare
Registering precompiled user dll's ...
Registered in 0.001529 seconds.
Begin MonoManager ReloadAssembly
Native extension for WindowsStandalone target not found
Refreshing native plugins compatible for Editor in 0.55 ms, found 1 plugins.
Preloading 0 native plugins for Editor in 0.00 ms.
Mono: successfully reloaded assembly
- Completed reload, in  2.019 seconds
Platform modules already initialized, skipping
Refreshing native plugins compatible for Editor in 0.59 ms, found 1 plugins.
Preloading 0 native plugins for Editor in 0.00 ms.
Unloading 2611 Unused Serialized files (Serialized files now loaded: 0)
System memory in use before: 111.9 MB.
System memory in use after: 112.0 MB.

Unloading 13 unused Assets to reduce memory usage. Loaded Objects now: 3138.
Total: 23.047000 ms (FindLiveObjects: 7.299600 ms CreateObjectMapping: 1.311300 ms MarkObjects: 14.223900 ms  DeleteObjects: 0.207100 ms)

========================================================================
Received Prepare
Registering precompiled user dll's ...
Registered in 0.001782 seconds.
Begin MonoManager ReloadAssembly
Native extension for WindowsStandalone target not found
Refreshing native plugins compatible for Editor in 7.24 ms, found 1 plugins.
Preloading 0 native plugins for Editor in 0.00 ms.
Mono: successfully reloaded assembly
- Completed reload, in  2.889 seconds
Platform modules already initialized, skipping
Refreshing native plugins compatible for Editor in 0.60 ms, found 1 plugins.
Preloading 0 native plugins for Editor in 0.00 ms.
Unloading 2611 Unused Serialized files (Serialized files now loaded: 0)
System memory in use before: 111.9 MB.
System memory in use after: 112.0 MB.

Unloading 13 unused Assets to reduce memory usage. Loaded Objects now: 3142.
Total: 3.540000 ms (FindLiveObjects: 0.925100 ms CreateObjectMapping: 0.226500 ms MarkObjects: 2.245200 ms  DeleteObjects: 0.137500 ms)

========================================================================
Received Prepare
Registering precompiled user dll's ...
Registered in 0.001860 seconds.
Begin MonoManager ReloadAssembly
Native extension for WindowsStandalone target not found
Refreshing native plugins compatible for Editor in 0.57 ms, found 1 plugins.
Preloading 0 native plugins for Editor in 0.00 ms.
Mono: successfully reloaded assembly
- Completed reload, in  1.507 seconds
Platform modules already initialized, skipping
Refreshing native plugins compatible for Editor in 0.55 ms, found 1 plugins.
Preloading 0 native plugins for Editor in 0.00 ms.
Unloading 2611 Unused Serialized files (Serialized files now loaded: 0)
System memory in use before: 111.9 MB.
System memory in use after: 112.0 MB.

Unloading 13 unused Assets to reduce memory usage. Loaded Objects now: 3146.
Total: 3.068600 ms (FindLiveObjects: 0.331700 ms CreateObjectMapping: 0.177100 ms MarkObjects: 2.395100 ms  DeleteObjects: 0.163200 ms)

========================================================================
Received Prepare
Registering precompiled user dll's ...
Registered in 0.001480 seconds.
Begin MonoManager ReloadAssembly
Native extension for WindowsStandalone target not found
Refreshing native plugins compatible for Editor in 0.93 ms, found 1 plugins.
Preloading 0 native plugins for Editor in 0.00 ms.
Mono: successfully reloaded assembly
- Completed reload, in  1.897 seconds
Platform modules already initialized, skipping
Refreshing native plugins compatible for Editor in 0.62 ms, found 1 plugins.
Preloading 0 native plugins for Editor in 0.00 ms.
Unloading 2611 Unused Serialized files (Serialized files now loaded: 0)
System memory in use before: 111.8 MB.
System memory in use after: 111.9 MB.

Unloading 13 unused Assets to reduce memory usage. Loaded Objects now: 3150.
Total: 3.597600 ms (FindLiveObjects: 0.450100 ms CreateObjectMapping: 0.353800 ms MarkObjects: 2.650300 ms  DeleteObjects: 0.142000 ms)

========================================================================
Received Prepare
Registering precompiled user dll's ...
Registered in 0.001517 seconds.
Begin MonoManager ReloadAssembly
Native extension for WindowsStandalone target not found
Refreshing native plugins compatible for Editor in 0.66 ms, found 1 plugins.
Preloading 0 native plugins for Editor in 0.00 ms.
Mono: successfully reloaded assembly
- Completed reload, in  1.698 seconds
Platform modules already initialized, skipping
Refreshing native plugins compatible for Editor in 0.57 ms, found 1 plugins.
Preloading 0 native plugins for Editor in 0.00 ms.
Unloading 2611 Unused Serialized files (Serialized files now loaded: 0)
System memory in use before: 111.9 MB.
System memory in use after: 112.0 MB.

Unloading 13 unused Assets to reduce memory usage. Loaded Objects now: 3154.
Total: 3.583800 ms (FindLiveObjects: 0.389600 ms CreateObjectMapping: 0.243000 ms MarkObjects: 2.803800 ms  DeleteObjects: 0.145400 ms)

========================================================================
Received Prepare
Registering precompiled user dll's ...
Registered in 0.002222 seconds.
Begin MonoManager ReloadAssembly
Native extension for WindowsStandalone target not found
Refreshing native plugins compatible for Editor in 0.56 ms, found 1 plugins.
Preloading 0 native plugins for Editor in 0.00 ms.
Mono: successfully reloaded assembly
- Completed reload, in  1.886 seconds
Platform modules already initialized, skipping
Refreshing native plugins compatible for Editor in 0.61 ms, found 1 plugins.
Preloading 0 native plugins for Editor in 0.00 ms.
Unloading 2611 Unused Serialized files (Serialized files now loaded: 0)
System memory in use before: 112.0 MB.
System memory in use after: 112.0 MB.

Unloading 13 unused Assets to reduce memory usage. Loaded Objects now: 3158.
Total: 3.268400 ms (FindLiveObjects: 0.328500 ms CreateObjectMapping: 0.189800 ms MarkObjects: 2.566000 ms  DeleteObjects: 0.182400 ms)

========================================================================
Received Prepare
Registering precompiled user dll's ...
Registered in 0.065824 seconds.
Begin MonoManager ReloadAssembly
Native extension for WindowsStandalone target not found
Refreshing native plugins compatible for Editor in 0.67 ms, found 1 plugins.
Preloading 0 native plugins for Editor in 0.00 ms.
Mono: successfully reloaded assembly
- Completed reload, in  4.716 seconds
Platform modules already initialized, skipping
Refreshing native plugins compatible for Editor in 0.66 ms, found 1 plugins.
Preloading 0 native plugins for Editor in 0.00 ms.
Unloading 2611 Unused Serialized files (Serialized files now loaded: 0)
System memory in use before: 112.0 MB.
System memory in use after: 112.1 MB.

Unloading 13 unused Assets to reduce memory usage. Loaded Objects now: 3162.
Total: 3.607000 ms (FindLiveObjects: 0.366100 ms CreateObjectMapping: 0.297600 ms MarkObjects: 2.798500 ms  DeleteObjects: 0.143100 ms)

========================================================================
Received Prepare
Registering precompiled user dll's ...
Registered in 0.001596 seconds.
Begin MonoManager ReloadAssembly
Native extension for WindowsStandalone target not found
Refreshing native plugins compatible for Editor in 0.52 ms, found 1 plugins.
Preloading 0 native plugins for Editor in 0.00 ms.
Mono: successfully reloaded assembly
- Completed reload, in  1.328 seconds
Platform modules already initialized, skipping
Refreshing native plugins compatible for Editor in 0.55 ms, found 1 plugins.
Preloading 0 native plugins for Editor in 0.00 ms.
Unloading 2611 Unused Serialized files (Serialized files now loaded: 0)
System memory in use before: 112.0 MB.
System memory in use after: 112.1 MB.

Unloading 13 unused Assets to reduce memory usage. Loaded Objects now: 3166.
Total: 3.769700 ms (FindLiveObjects: 0.364500 ms CreateObjectMapping: 0.224500 ms MarkObjects: 2.964900 ms  DeleteObjects: 0.194500 ms)

========================================================================
Received Prepare
Registering precompiled user dll's ...
Registered in 0.001532 seconds.
Begin MonoManager ReloadAssembly
Native extension for WindowsStandalone target not found
Refreshing native plugins compatible for Editor in 0.60 ms, found 1 plugins.
Preloading 0 native plugins for Editor in 0.00 ms.
Mono: successfully reloaded assembly
- Completed reload, in  2.226 seconds
Platform modules already initialized, skipping
Refreshing native plugins compatible for Editor in 1.03 ms, found 1 plugins.
Preloading 0 native plugins for Editor in 0.00 ms.
Unloading 2611 Unused Serialized files (Serialized files now loaded: 0)
System memory in use before: 111.9 MB.
System memory in use after: 112.0 MB.

Unloading 13 unused Assets to reduce memory usage. Loaded Objects now: 3170.
Total: 11.377400 ms (FindLiveObjects: 2.349500 ms CreateObjectMapping: 1.535300 ms MarkObjects: 7.128300 ms  DeleteObjects: 0.360300 ms)

========================================================================
Received Prepare
Registering precompiled user dll's ...
Registered in 0.002452 seconds.
Begin MonoManager ReloadAssembly
Native extension for WindowsStandalone target not found
Refreshing native plugins compatible for Editor in 0.60 ms, found 1 plugins.
Preloading 0 native plugins for Editor in 0.00 ms.
Mono: successfully reloaded assembly
- Completed reload, in  1.716 seconds
Platform modules already initialized, skipping
Refreshing native plugins compatible for Editor in 0.62 ms, found 1 plugins.
Preloading 0 native plugins for Editor in 0.00 ms.
Unloading 2611 Unused Serialized files (Serialized files now loaded: 0)
System memory in use before: 112.0 MB.
System memory in use after: 112.1 MB.

Unloading 13 unused Assets to reduce memory usage. Loaded Objects now: 3174.
Total: 3.064000 ms (FindLiveObjects: 0.382100 ms CreateObjectMapping: 0.228300 ms MarkObjects: 2.290100 ms  DeleteObjects: 0.162000 ms)

========================================================================
Received Prepare
Registering precompiled user dll's ...
Registered in 0.001533 seconds.
Begin MonoManager ReloadAssembly
Native extension for WindowsStandalone target not found
Refreshing native plugins compatible for Editor in 0.87 ms, found 1 plugins.
Preloading 0 native plugins for Editor in 0.00 ms.
Mono: successfully reloaded assembly
- Completed reload, in  1.629 seconds
Platform modules already initialized, skipping
Refreshing native plugins compatible for Editor in 1.36 ms, found 1 plugins.
Preloading 0 native plugins for Editor in 0.00 ms.
Unloading 2611 Unused Serialized files (Serialized files now loaded: 0)
System memory in use before: 112.0 MB.
System memory in use after: 112.1 MB.

Unloading 13 unused Assets to reduce memory usage. Loaded Objects now: 3178.
Total: 4.798700 ms (FindLiveObjects: 0.383500 ms CreateObjectMapping: 0.233700 ms MarkObjects: 3.968200 ms  DeleteObjects: 0.211100 ms)

========================================================================
Received Prepare
Registering precompiled user dll's ...
Registered in 0.001848 seconds.
Begin MonoManager ReloadAssembly
Native extension for WindowsStandalone target not found
Refreshing native plugins compatible for Editor in 0.56 ms, found 1 plugins.
Preloading 0 native plugins for Editor in 0.00 ms.
Mono: successfully reloaded assembly
- Completed reload, in  1.285 seconds
Platform modules already initialized, skipping
Refreshing native plugins compatible for Editor in 0.69 ms, found 1 plugins.
Preloading 0 native plugins for Editor in 0.00 ms.
Unloading 2611 Unused Serialized files (Serialized files now loaded: 0)
System memory in use before: 112.0 MB.
System memory in use after: 112.1 MB.

Unloading 13 unused Assets to reduce memory usage. Loaded Objects now: 3182.
Total: 3.716000 ms (FindLiveObjects: 0.525200 ms CreateObjectMapping: 0.283500 ms MarkObjects: 2.717300 ms  DeleteObjects: 0.188900 ms)

========================================================================
Received Prepare
Registering precompiled user dll's ...
Registered in 0.002523 seconds.
Begin MonoManager ReloadAssembly
Native extension for WindowsStandalone target not found
Refreshing native plugins compatible for Editor in 0.73 ms, found 1 plugins.
Preloading 0 native plugins for Editor in 0.00 ms.
Mono: successfully reloaded assembly
- Completed reload, in  1.633 seconds
Platform modules already initialized, skipping
Refreshing native plugins compatible for Editor in 0.81 ms, found 1 plugins.
Preloading 0 native plugins for Editor in 0.00 ms.
Unloading 2611 Unused Serialized files (Serialized files now loaded: 0)
System memory in use before: 112.0 MB.
System memory in use after: 112.1 MB.

Unloading 13 unused Assets to reduce memory usage. Loaded Objects now: 3186.
Total: 3.379500 ms (FindLiveObjects: 0.424300 ms CreateObjectMapping: 0.238100 ms MarkObjects: 2.484600 ms  DeleteObjects: 0.230500 ms)

========================================================================
Received Prepare
Registering precompiled user dll's ...
Registered in 0.003855 seconds.
Begin MonoManager ReloadAssembly
Native extension for WindowsStandalone target not found
Refreshing native plugins compatible for Editor in 0.59 ms, found 1 plugins.
Preloading 0 native plugins for Editor in 0.00 ms.
Mono: successfully reloaded assembly
- Completed reload, in  1.725 seconds
Platform modules already initialized, skipping
Refreshing native plugins compatible for Editor in 0.55 ms, found 1 plugins.
Preloading 0 native plugins for Editor in 0.00 ms.
Unloading 2611 Unused Serialized files (Serialized files now loaded: 0)
System memory in use before: 112.0 MB.
System memory in use after: 112.1 MB.

Unloading 13 unused Assets to reduce memory usage. Loaded Objects now: 3190.
Total: 3.632100 ms (FindLiveObjects: 0.461900 ms CreateObjectMapping: 0.304700 ms MarkObjects: 2.590800 ms  DeleteObjects: 0.272200 ms)

========================================================================
Received Prepare
Registering precompiled user dll's ...
Registered in 0.001521 seconds.
Begin MonoManager ReloadAssembly
Native extension for WindowsStandalone target not found
Refreshing native plugins compatible for Editor in 0.60 ms, found 1 plugins.
Preloading 0 native plugins for Editor in 0.00 ms.
Mono: successfully reloaded assembly
- Completed reload, in  1.401 seconds
Platform modules already initialized, skipping
Refreshing native plugins compatible for Editor in 0.74 ms, found 1 plugins.
Preloading 0 native plugins for Editor in 0.00 ms.
Unloading 2611 Unused Serialized files (Serialized files now loaded: 0)
System memory in use before: 112.0 MB.
System memory in use after: 112.1 MB.

Unloading 13 unused Assets to reduce memory usage. Loaded Objects now: 3194.
Total: 3.853800 ms (FindLiveObjects: 0.526900 ms CreateObjectMapping: 0.199700 ms MarkObjects: 2.608100 ms  DeleteObjects: 0.517100 ms)

========================================================================
Received Prepare
Registering precompiled user dll's ...
Registered in 0.001527 seconds.
Begin MonoManager ReloadAssembly
Native extension for WindowsStandalone target not found
Refreshing native plugins compatible for Editor in 0.78 ms, found 1 plugins.
Preloading 0 native plugins for Editor in 0.00 ms.
Mono: successfully reloaded assembly
- Completed reload, in  1.330 seconds
Platform modules already initialized, skipping
Refreshing native plugins compatible for Editor in 0.65 ms, found 1 plugins.
Preloading 0 native plugins for Editor in 0.00 ms.
Unloading 2611 Unused Serialized files (Serialized files now loaded: 0)
System memory in use before: 112.0 MB.
System memory in use after: 112.1 MB.

Unloading 13 unused Assets to reduce memory usage. Loaded Objects now: 3198.
Total: 4.362400 ms (FindLiveObjects: 1.268500 ms CreateObjectMapping: 0.638100 ms MarkObjects: 2.328100 ms  DeleteObjects: 0.126400 ms)

========================================================================
Received Prepare
Registering precompiled user dll's ...
Registered in 0.003655 seconds.
Begin MonoManager ReloadAssembly
Native extension for WindowsStandalone target not found
Refreshing native plugins compatible for Editor in 2.92 ms, found 1 plugins.
Preloading 0 native plugins for Editor in 0.00 ms.
Mono: successfully reloaded assembly
- Completed reload, in  2.855 seconds
Platform modules already initialized, skipping
Refreshing native plugins compatible for Editor in 0.67 ms, found 1 plugins.
Preloading 0 native plugins for Editor in 0.00 ms.
Unloading 2611 Unused Serialized files (Serialized files now loaded: 0)
System memory in use before: 112.1 MB.
System memory in use after: 112.1 MB.

Unloading 13 unused Assets to reduce memory usage. Loaded Objects now: 3202.
Total: 4.494000 ms (FindLiveObjects: 0.367200 ms CreateObjectMapping: 0.200500 ms MarkObjects: 3.665200 ms  DeleteObjects: 0.258600 ms)

========================================================================
Received Prepare
Registering precompiled user dll's ...
Registered in 0.007143 seconds.
Begin MonoManager ReloadAssembly
Native extension for WindowsStandalone target not found
Refreshing native plugins compatible for Editor in 0.57 ms, found 1 plugins.
Preloading 0 native plugins for Editor in 0.00 ms.
Mono: successfully reloaded assembly
- Completed reload, in  1.888 seconds
Platform modules already initialized, skipping
Refreshing native plugins compatible for Editor in 0.56 ms, found 1 plugins.
Preloading 0 native plugins for Editor in 0.00 ms.
Unloading 2611 Unused Serialized files (Serialized files now loaded: 0)
System memory in use before: 112.1 MB.
System memory in use after: 112.2 MB.

Unloading 13 unused Assets to reduce memory usage. Loaded Objects now: 3206.
Total: 3.805400 ms (FindLiveObjects: 0.411600 ms CreateObjectMapping: 0.197700 ms MarkObjects: 3.011500 ms  DeleteObjects: 0.183200 ms)

========================================================================
Received Prepare
Registering precompiled user dll's ...
Registered in 0.013726 seconds.
Begin MonoManager ReloadAssembly
Native extension for WindowsStandalone target not found
Refreshing native plugins compatible for Editor in 0.58 ms, found 1 plugins.
Preloading 0 native plugins for Editor in 0.00 ms.
Mono: successfully reloaded assembly
- Completed reload, in  1.865 seconds
Platform modules already initialized, skipping
Refreshing native plugins compatible for Editor in 2.53 ms, found 1 plugins.
Preloading 0 native plugins for Editor in 0.00 ms.
Unloading 2611 Unused Serialized files (Serialized files now loaded: 0)
System memory in use before: 112.1 MB.
System memory in use after: 112.2 MB.

Unloading 13 unused Assets to reduce memory usage. Loaded Objects now: 3210.
Total: 10.794500 ms (FindLiveObjects: 1.201600 ms CreateObjectMapping: 5.292700 ms MarkObjects: 4.039500 ms  DeleteObjects: 0.258500 ms)

========================================================================
Received Prepare
Registering precompiled user dll's ...
Registered in 0.001538 seconds.
Begin MonoManager ReloadAssembly
Native extension for WindowsStandalone target not found
Refreshing native plugins compatible for Editor in 1.52 ms, found 1 plugins.
Preloading 0 native plugins for Editor in 0.00 ms.
Mono: successfully reloaded assembly
- Completed reload, in  2.457 seconds
Platform modules already initialized, skipping
Refreshing native plugins compatible for Editor in 2.58 ms, found 1 plugins.
Preloading 0 native plugins for Editor in 0.00 ms.
Unloading 2611 Unused Serialized files (Serialized files now loaded: 0)
System memory in use before: 112.1 MB.
System memory in use after: 112.2 MB.

Unloading 13 unused Assets to reduce memory usage. Loaded Objects now: 3214.
Total: 63.214500 ms (FindLiveObjects: 2.105100 ms CreateObjectMapping: 19.432300 ms MarkObjects: 35.734700 ms  DeleteObjects: 5.937300 ms)

========================================================================
Received Prepare
Registering precompiled user dll's ...
Registered in 0.002074 seconds.
Begin MonoManager ReloadAssembly
Native extension for WindowsStandalone target not found
Refreshing native plugins compatible for Editor in 0.92 ms, found 1 plugins.
Preloading 0 native plugins for Editor in 0.00 ms.
Mono: successfully reloaded assembly
- Completed reload, in  2.684 seconds
Platform modules already initialized, skipping
Refreshing native plugins compatible for Editor in 0.58 ms, found 1 plugins.
Preloading 0 native plugins for Editor in 0.00 ms.
Unloading 2611 Unused Serialized files (Serialized files now loaded: 0)
System memory in use before: 112.1 MB.
System memory in use after: 112.2 MB.

Unloading 13 unused Assets to reduce memory usage. Loaded Objects now: 3218.
Total: 7.207500 ms (FindLiveObjects: 0.356000 ms CreateObjectMapping: 0.303500 ms MarkObjects: 6.359800 ms  DeleteObjects: 0.185300 ms)

========================================================================
Received Prepare
Registering precompiled user dll's ...
Registered in 0.001722 seconds.
Begin MonoManager ReloadAssembly
Native extension for WindowsStandalone target not found
Refreshing native plugins compatible for Editor in 0.59 ms, found 1 plugins.
Preloading 0 native plugins for Editor in 0.00 ms.
Mono: successfully reloaded assembly
- Completed reload, in  3.526 seconds
Platform modules already initialized, skipping
Refreshing native plugins compatible for Editor in 3.88 ms, found 1 plugins.
Preloading 0 native plugins for Editor in 0.00 ms.
Unloading 2611 Unused Serialized files (Serialized files now loaded: 0)
System memory in use before: 112.1 MB.
System memory in use after: 112.2 MB.

Unloading 13 unused Assets to reduce memory usage. Loaded Objects now: 3222.
Total: 8.247300 ms (FindLiveObjects: 0.547100 ms CreateObjectMapping: 0.349200 ms MarkObjects: 7.201900 ms  DeleteObjects: 0.147100 ms)

========================================================================
Received Prepare
Registering precompiled user dll's ...
Registered in 0.001623 seconds.
Begin MonoManager ReloadAssembly
Native extension for WindowsStandalone target not found
Refreshing native plugins compatible for Editor in 0.91 ms, found 1 plugins.
Preloading 0 native plugins for Editor in 0.00 ms.
Mono: successfully reloaded assembly
- Completed reload, in  1.283 seconds
Platform modules already initialized, skipping
Refreshing native plugins compatible for Editor in 0.58 ms, found 1 plugins.
Preloading 0 native plugins for Editor in 0.00 ms.
Unloading 2611 Unused Serialized files (Serialized files now loaded: 0)
System memory in use before: 112.1 MB.
System memory in use after: 112.2 MB.

Unloading 13 unused Assets to reduce memory usage. Loaded Objects now: 3226.
Total: 3.407200 ms (FindLiveObjects: 0.510900 ms CreateObjectMapping: 0.268600 ms MarkObjects: 2.480100 ms  DeleteObjects: 0.145800 ms)

========================================================================
Received Prepare
Registering precompiled user dll's ...
Registered in 0.001704 seconds.
Begin MonoManager ReloadAssembly
Native extension for WindowsStandalone target not found
Refreshing native plugins compatible for Editor in 1.24 ms, found 1 plugins.
Preloading 0 native plugins for Editor in 0.00 ms.
Mono: successfully reloaded assembly
- Completed reload, in  1.846 seconds
Platform modules already initialized, skipping
Refreshing native plugins compatible for Editor in 0.54 ms, found 1 plugins.
Preloading 0 native plugins for Editor in 0.00 ms.
Unloading 2611 Unused Serialized files (Serialized files now loaded: 0)
System memory in use before: 112.1 MB.
System memory in use after: 112.2 MB.

Unloading 13 unused Assets to reduce memory usage. Loaded Objects now: 3230.
Total: 3.127600 ms (FindLiveObjects: 0.398000 ms CreateObjectMapping: 0.215900 ms MarkObjects: 2.378900 ms  DeleteObjects: 0.132500 ms)

========================================================================
Received Prepare
Registering precompiled user dll's ...
Registered in 0.001788 seconds.
Begin MonoManager ReloadAssembly
Native extension for WindowsStandalone target not found
Refreshing native plugins compatible for Editor in 0.90 ms, found 1 plugins.
Preloading 0 native plugins for Editor in 0.00 ms.
Mono: successfully reloaded assembly
- Completed reload, in  1.704 seconds
Platform modules already initialized, skipping
Refreshing native plugins compatible for Editor in 0.54 ms, found 1 plugins.
Preloading 0 native plugins for Editor in 0.00 ms.
Unloading 2611 Unused Serialized files (Serialized files now loaded: 0)
System memory in use before: 112.1 MB.
System memory in use after: 112.2 MB.

Unloading 13 unused Assets to reduce memory usage. Loaded Objects now: 3234.
Total: 6.326800 ms (FindLiveObjects: 1.264800 ms CreateObjectMapping: 0.973700 ms MarkObjects: 3.929200 ms  DeleteObjects: 0.156100 ms)

========================================================================
Received Prepare
Registering precompiled user dll's ...
Registered in 0.007611 seconds.
Begin MonoManager ReloadAssembly
Native extension for WindowsStandalone target not found
Refreshing native plugins compatible for Editor in 0.51 ms, found 1 plugins.
Preloading 0 native plugins for Editor in 0.00 ms.
Mono: successfully reloaded assembly
- Completed reload, in  1.477 seconds
Platform modules already initialized, skipping
Refreshing native plugins compatible for Editor in 0.84 ms, found 1 plugins.
Preloading 0 native plugins for Editor in 0.00 ms.
Unloading 2611 Unused Serialized files (Serialized files now loaded: 0)
System memory in use before: 112.0 MB.
System memory in use after: 112.1 MB.

Unloading 13 unused Assets to reduce memory usage. Loaded Objects now: 3238.
Total: 11.107700 ms (FindLiveObjects: 1.836900 ms CreateObjectMapping: 1.196900 ms MarkObjects: 6.351500 ms  DeleteObjects: 1.718000 ms)

========================================================================
Received Import Request.
  Time since last request: 5165.173406 seconds.
  path: Assets/Sprites/Props/Test/test2_pixel_render.png
  artifactKey: Guid(161fddc49f8c38d4bade33a727536838) Importer(815301076,1909f56bfc062723c751e8b465ee728b)
Start importing Assets/Sprites/Props/Test/test2_pixel_render.png using Guid(161fddc49f8c38d4bade33a727536838) Importer(815301076,1909f56bfc062723c751e8b465ee728b)  -> (artifact id: 'b5cf573491c0e9c6ffa21f44b8aaebaf') in 0.421536 seconds
  Import took 0.433759 seconds .

========================================================================
Received Prepare
Registering precompiled user dll's ...
Registered in 0.001455 seconds.
Begin MonoManager ReloadAssembly
Native extension for WindowsStandalone target not found
Refreshing native plugins compatible for Editor in 0.52 ms, found 1 plugins.
Preloading 0 native plugins for Editor in 0.00 ms.
Mono: successfully reloaded assembly
- Completed reload, in  1.332 seconds
Platform modules already initialized, skipping
Refreshing native plugins compatible for Editor in 0.54 ms, found 1 plugins.
Preloading 0 native plugins for Editor in 0.00 ms.
Unloading 2611 Unused Serialized files (Serialized files now loaded: 0)
System memory in use before: 112.2 MB.
System memory in use after: 112.3 MB.

Unloading 13 unused Assets to reduce memory usage. Loaded Objects now: 3245.
Total: 3.280600 ms (FindLiveObjects: 0.401200 ms CreateObjectMapping: 0.196700 ms MarkObjects: 2.440800 ms  DeleteObjects: 0.240800 ms)

========================================================================
Received Import Request.
  Time since last request: 74.957472 seconds.
  path: Assets/Sprites/Props/Test/test2_pixel_render.png
  artifactKey: Guid(161fddc49f8c38d4bade33a727536838) Importer(815301076,1909f56bfc062723c751e8b465ee728b)
Start importing Assets/Sprites/Props/Test/test2_pixel_render.png using Guid(161fddc49f8c38d4bade33a727536838) Importer(815301076,1909f56bfc062723c751e8b465ee728b)  -> (artifact id: '9da711d9c37bff478070adafff279a30') in 0.106247 seconds
  Import took 0.134925 seconds .

========================================================================
Received Import Request.
  Time since last request: 0.215678 seconds.
  path: Assets/Sprites/Props/Test/test2_pixel_render.png
  artifactKey: Guid(161fddc49f8c38d4bade33a727536838) Importer(815301076,1909f56bfc062723c751e8b465ee728b)
Start importing Assets/Sprites/Props/Test/test2_pixel_render.png using Guid(161fddc49f8c38d4bade33a727536838) Importer(815301076,1909f56bfc062723c751e8b465ee728b)  -> (artifact id: '9da711d9c37bff478070adafff279a30') in 0.217226 seconds
  Import took 0.240897 seconds .

========================================================================
Received Prepare
Registering precompiled user dll's ...
Registered in 0.002554 seconds.
Begin MonoManager ReloadAssembly
Native extension for WindowsStandalone target not found
Refreshing native plugins compatible for Editor in 1.16 ms, found 1 plugins.
Preloading 0 native plugins for Editor in 0.00 ms.
Mono: successfully reloaded assembly
- Completed reload, in  2.328 seconds
Platform modules already initialized, skipping
Refreshing native plugins compatible for Editor in 0.97 ms, found 1 plugins.
Preloading 0 native plugins for Editor in 0.00 ms.
Unloading 2611 Unused Serialized files (Serialized files now loaded: 0)
System memory in use before: 112.2 MB.
System memory in use after: 112.3 MB.

Unloading 13 unused Assets to reduce memory usage. Loaded Objects now: 3250.
Total: 5.497400 ms (FindLiveObjects: 0.361900 ms CreateObjectMapping: 0.350900 ms MarkObjects: 4.108700 ms  DeleteObjects: 0.673800 ms)

========================================================================
Received Prepare
Registering precompiled user dll's ...
Registered in 0.001518 seconds.
Begin MonoManager ReloadAssembly
Native extension for WindowsStandalone target not found
Refreshing native plugins compatible for Editor in 0.82 ms, found 1 plugins.
Preloading 0 native plugins for Editor in 0.00 ms.
Mono: successfully reloaded assembly
- Completed reload, in  2.031 seconds
Platform modules already initialized, skipping
Refreshing native plugins compatible for Editor in 0.72 ms, found 1 plugins.
Preloading 0 native plugins for Editor in 0.00 ms.
Unloading 2611 Unused Serialized files (Serialized files now loaded: 0)
System memory in use before: 112.2 MB.
System memory in use after: 112.3 MB.

Unloading 13 unused Assets to reduce memory usage. Loaded Objects now: 3254.
Total: 7.230300 ms (FindLiveObjects: 0.369800 ms CreateObjectMapping: 0.272300 ms MarkObjects: 6.366900 ms  DeleteObjects: 0.219100 ms)

========================================================================
Received Prepare
Registering precompiled user dll's ...
Registered in 0.001369 seconds.
Begin MonoManager ReloadAssembly
Native extension for WindowsStandalone target not found
Refreshing native plugins compatible for Editor in 0.99 ms, found 1 plugins.
Preloading 0 native plugins for Editor in 0.00 ms.
Mono: successfully reloaded assembly
- Completed reload, in  1.967 seconds
Platform modules already initialized, skipping
Refreshing native plugins compatible for Editor in 1.15 ms, found 1 plugins.
Preloading 0 native plugins for Editor in 0.00 ms.
Unloading 2611 Unused Serialized files (Serialized files now loaded: 0)
System memory in use before: 112.2 MB.
System memory in use after: 112.3 MB.

Unloading 13 unused Assets to reduce memory usage. Loaded Objects now: 3258.
Total: 6.586100 ms (FindLiveObjects: 0.678500 ms CreateObjectMapping: 0.671700 ms MarkObjects: 5.063700 ms  DeleteObjects: 0.170400 ms)

========================================================================
Received Prepare
Registering precompiled user dll's ...
Registered in 0.002580 seconds.
Begin MonoManager ReloadAssembly
Native extension for WindowsStandalone target not found
Refreshing native plugins compatible for Editor in 0.54 ms, found 1 plugins.
Preloading 0 native plugins for Editor in 0.00 ms.
Mono: successfully reloaded assembly
- Completed reload, in  1.433 seconds
Platform modules already initialized, skipping
Refreshing native plugins compatible for Editor in 0.74 ms, found 1 plugins.
Preloading 0 native plugins for Editor in 0.00 ms.
Unloading 2611 Unused Serialized files (Serialized files now loaded: 0)
System memory in use before: 112.2 MB.
System memory in use after: 112.3 MB.

Unloading 13 unused Assets to reduce memory usage. Loaded Objects now: 3262.
Total: 3.123200 ms (FindLiveObjects: 0.306500 ms CreateObjectMapping: 0.183400 ms MarkObjects: 2.462400 ms  DeleteObjects: 0.169500 ms)

========================================================================
Received Import Request.
  Time since last request: 349.156073 seconds.
  path: Assets/Sprites/Props/Test/test3_pixel_render.png
  artifactKey: Guid(13503f84c6970494e855ba99d8fc6fd6) Importer(815301076,1909f56bfc062723c751e8b465ee728b)
Start importing Assets/Sprites/Props/Test/test3_pixel_render.png using Guid(13503f84c6970494e855ba99d8fc6fd6) Importer(815301076,1909f56bfc062723c751e8b465ee728b)  -> (artifact id: 'c2233ea68571dadbd483c2dc85f419b7') in 0.141201 seconds
  Import took 0.208626 seconds .

========================================================================
Received Prepare
Registering precompiled user dll's ...
Registered in 0.001459 seconds.
Begin MonoManager ReloadAssembly
Native extension for WindowsStandalone target not found
Refreshing native plugins compatible for Editor in 0.56 ms, found 1 plugins.
Preloading 0 native plugins for Editor in 0.00 ms.
Mono: successfully reloaded assembly
- Completed reload, in  1.118 seconds
Platform modules already initialized, skipping
Refreshing native plugins compatible for Editor in 0.61 ms, found 1 plugins.
Preloading 0 native plugins for Editor in 0.00 ms.
Unloading 2611 Unused Serialized files (Serialized files now loaded: 0)
System memory in use before: 112.2 MB.
System memory in use after: 112.3 MB.

Unloading 13 unused Assets to reduce memory usage. Loaded Objects now: 3267.
Total: 3.139800 ms (FindLiveObjects: 0.361300 ms CreateObjectMapping: 0.271600 ms MarkObjects: 2.323300 ms  DeleteObjects: 0.152000 ms)

========================================================================
Received Prepare
Registering precompiled user dll's ...
Registered in 0.001483 seconds.
Begin MonoManager ReloadAssembly
Native extension for WindowsStandalone target not found
Refreshing native plugins compatible for Editor in 0.79 ms, found 1 plugins.
Preloading 0 native plugins for Editor in 0.00 ms.
Mono: successfully reloaded assembly
- Completed reload, in  1.821 seconds
Platform modules already initialized, skipping
Refreshing native plugins compatible for Editor in 1.03 ms, found 1 plugins.
Preloading 0 native plugins for Editor in 0.00 ms.
Unloading 2611 Unused Serialized files (Serialized files now loaded: 0)
System memory in use before: 112.2 MB.
System memory in use after: 112.3 MB.

Unloading 13 unused Assets to reduce memory usage. Loaded Objects now: 3271.
Total: 7.836700 ms (FindLiveObjects: 1.001300 ms CreateObjectMapping: 0.344700 ms MarkObjects: 6.249400 ms  DeleteObjects: 0.239500 ms)

========================================================================
Received Import Request.
  Time since last request: 55.364882 seconds.
  path: Assets/Sprites/Props/Test/test3_pixel_render.png
  artifactKey: Guid(13503f84c6970494e855ba99d8fc6fd6) Importer(815301076,1909f56bfc062723c751e8b465ee728b)
Start importing Assets/Sprites/Props/Test/test3_pixel_render.png using Guid(13503f84c6970494e855ba99d8fc6fd6) Importer(815301076,1909f56bfc062723c751e8b465ee728b)  -> (artifact id: 'd662e1f697ec4578f04c757e4d680131') in 0.154498 seconds
  Import took 0.164915 seconds .

========================================================================
Received Import Request.
  Time since last request: 1114.439476 seconds.
  path: Assets/Scripts/Tiles
  artifactKey: Guid(4a64687480869374db65880d82e6c582) Importer(815301076,1909f56bfc062723c751e8b465ee728b)
Start importing Assets/Scripts/Tiles using Guid(4a64687480869374db65880d82e6c582) Importer(815301076,1909f56bfc062723c751e8b465ee728b)  -> (artifact id: 'e666ce92bcb41b22afcaa3a8469007d3') in 0.013435 seconds
  Import took 0.068411 seconds .

========================================================================
Received Import Request.
  Time since last request: 5.109143 seconds.
  path: Assets/TilemapCollisionsGenerator.cs
  artifactKey: Guid(1aa325eeab624b844b73d22030bbfbcf) Importer(815301076,1909f56bfc062723c751e8b465ee728b)
Start importing Assets/TilemapCollisionsGenerator.cs using Guid(1aa325eeab624b844b73d22030bbfbcf) Importer(815301076,1909f56bfc062723c751e8b465ee728b)  -> (artifact id: '53624e1add0def6c4c2404aa54627b3c') in 0.165379 seconds
  Import took 0.198014 seconds .

========================================================================
Received Prepare
Registering precompiled user dll's ...
Registered in 0.002182 seconds.
Begin MonoManager ReloadAssembly
Native extension for WindowsStandalone target not found
Refreshing native plugins compatible for Editor in 0.47 ms, found 1 plugins.
Preloading 0 native plugins for Editor in 0.00 ms.
Mono: successfully reloaded assembly
- Completed reload, in  1.184 seconds
Platform modules already initialized, skipping
Refreshing native plugins compatible for Editor in 0.52 ms, found 1 plugins.
Preloading 0 native plugins for Editor in 0.00 ms.
Unloading 2611 Unused Serialized files (Serialized files now loaded: 0)
System memory in use before: 112.2 MB.
System memory in use after: 112.2 MB.

Unloading 13 unused Assets to reduce memory usage. Loaded Objects now: 3276.
Total: 3.951000 ms (FindLiveObjects: 0.313000 ms CreateObjectMapping: 0.256400 ms MarkObjects: 3.214300 ms  DeleteObjects: 0.165500 ms)

========================================================================
Received Prepare
Registering precompiled user dll's ...
Registered in 0.001481 seconds.
Begin MonoManager ReloadAssembly
Native extension for WindowsStandalone target not found
Refreshing native plugins compatible for Editor in 0.50 ms, found 1 plugins.
Preloading 0 native plugins for Editor in 0.00 ms.
Mono: successfully reloaded assembly
- Completed reload, in  1.188 seconds
Platform modules already initialized, skipping
Refreshing native plugins compatible for Editor in 0.56 ms, found 1 plugins.
Preloading 0 native plugins for Editor in 0.00 ms.
Unloading 2611 Unused Serialized files (Serialized files now loaded: 0)
System memory in use before: 112.3 MB.
System memory in use after: 112.3 MB.

Unloading 13 unused Assets to reduce memory usage. Loaded Objects now: 3280.
Total: 2.987700 ms (FindLiveObjects: 0.409300 ms CreateObjectMapping: 0.195900 ms MarkObjects: 2.215600 ms  DeleteObjects: 0.163300 ms)

========================================================================
Received Import Request.
  Time since last request: 168.367641 seconds.
  path: Assets/Scripts/Tiles/TilemapCollisionsGenerator.cs
  artifactKey: Guid(1aa325eeab624b844b73d22030bbfbcf) Importer(815301076,1909f56bfc062723c751e8b465ee728b)
Start importing Assets/Scripts/Tiles/TilemapCollisionsGenerator.cs using Guid(1aa325eeab624b844b73d22030bbfbcf) Importer(815301076,1909f56bfc062723c751e8b465ee728b)  -> (artifact id: '5b553d9d08abb716e53494210156f12e') in 0.006083 seconds
  Import took 0.044293 seconds .

========================================================================
Received Prepare
Registering precompiled user dll's ...
Registered in 0.001967 seconds.
Begin MonoManager ReloadAssembly
Native extension for WindowsStandalone target not found
Refreshing native plugins compatible for Editor in 0.64 ms, found 1 plugins.
Preloading 0 native plugins for Editor in 0.00 ms.
Mono: successfully reloaded assembly
- Completed reload, in  1.258 seconds
Platform modules already initialized, skipping
Refreshing native plugins compatible for Editor in 0.55 ms, found 1 plugins.
Preloading 0 native plugins for Editor in 0.00 ms.
Unloading 2611 Unused Serialized files (Serialized files now loaded: 0)
System memory in use before: 112.3 MB.
System memory in use after: 112.4 MB.

Unloading 13 unused Assets to reduce memory usage. Loaded Objects now: 3284.
Total: 2.980800 ms (FindLiveObjects: 0.392600 ms CreateObjectMapping: 0.188100 ms MarkObjects: 2.221900 ms  DeleteObjects: 0.177000 ms)

