Using pre-set license
Built from '2020.3/staging' branch; Version is '2020.3.9f1 (108be757e447) revision 1084391'; Using compiler version '192528614'; Build Type 'Release'
OS: 'Windows 10 Home Single Language; OS build 19042.985; Version 2009; 64bit' Language: 'ru' Physical Memory: 8112 MB
BatchMode: 1, IsHumanControllingUs: 0, StartBugReporterOnCrash: 0, Is64bit: 1, IsPro: 0

 COMMAND LINE ARGUMENTS:
D:\Program Files\Unity\Hub\Editor\2020.3.9f1\Editor\Unity.exe
-adb2
-batchMode
-noUpm
-name
AssetImportWorker0
-projectPath
D:/Games/Ambitions/VEGA/Project/Vega
-logFile
Logs/AssetImportWorker0.log
-srvPort
56735
Successfully changed project path to: D:/Games/Ambitions/VEGA/Project/Vega
D:/Games/Ambitions/VEGA/Project/Vega
Using Asset Import Pipeline V2.
Refreshing native plugins compatible for Editor in 63.30 ms, found 1 plugins.
Preloading 0 native plugins for Editor in 0.00 ms.
Initialize engine version: 2020.3.9f1 (108be757e447)
[Subsystems] Discovering subsystems at path D:/Program Files/Unity/Hub/Editor/2020.3.9f1/Editor/Data/Resources/UnitySubsystems
[Subsystems] Discovering subsystems at path D:/Games/Ambitions/VEGA/Project/Vega/Assets
GfxDevice: creating device client; threaded=0
Direct3D:
    Version:  Direct3D 11.0 [level 11.1]
    Renderer: NVIDIA GeForce GTX 1050 (ID=0x1c8d)
    Vendor:   
    VRAM:     1979 MB
    Driver:   27.21.14.6192
Initialize mono
Mono path[0] = 'D:/Program Files/Unity/Hub/Editor/2020.3.9f1/Editor/Data/Managed'
Mono path[1] = 'D:/Program Files/Unity/Hub/Editor/2020.3.9f1/Editor/Data/MonoBleedingEdge/lib/mono/unityjit'
Mono config path = 'D:/Program Files/Unity/Hub/Editor/2020.3.9f1/Editor/Data/MonoBleedingEdge/etc'
Using monoOptions --debugger-agent=transport=dt_socket,embedding=1,server=y,suspend=n,address=127.0.0.1:56804
Begin MonoManager ReloadAssembly
Registering precompiled unity dll's ...
Register platform support module: D:/Program Files/Unity/Hub/Editor/2020.3.9f1/Editor/Data/PlaybackEngines/WindowsStandaloneSupport/UnityEditor.WindowsStandalone.Extensions.dll
Registered in 0.001439 seconds.
Native extension for WindowsStandalone target not found
Refreshing native plugins compatible for Editor in 63.42 ms, found 1 plugins.
Preloading 0 native plugins for Editor in 0.00 ms.
Mono: successfully reloaded assembly
- Completed reload, in  1.413 seconds
Platform modules already initialized, skipping
Registering precompiled user dll's ...
Registered in 0.001336 seconds.
Begin MonoManager ReloadAssembly
Native extension for WindowsStandalone target not found
Refreshing native plugins compatible for Editor in 57.62 ms, found 1 plugins.
Preloading 0 native plugins for Editor in 0.00 ms.
Mono: successfully reloaded assembly
- Completed reload, in  1.464 seconds
Platform modules already initialized, skipping
========================================================================
Worker process is ready to serve import requests
Launched and connected shader compiler UnityShaderCompiler.exe after 0.12 seconds
Refreshing native plugins compatible for Editor in 0.51 ms, found 1 plugins.
Preloading 0 native plugins for Editor in 0.00 ms.
Unloading 2622 Unused Serialized files (Serialized files now loaded: 0)
System memory in use before: 109.0 MB.
System memory in use after: 109.0 MB.

Unloading 25 unused Assets to reduce memory usage. Loaded Objects now: 3068.
Total: 3.135400 ms (FindLiveObjects: 0.314500 ms CreateObjectMapping: 0.197200 ms MarkObjects: 2.467700 ms  DeleteObjects: 0.154600 ms)

========================================================================
Received Import Request.
  path: Assets/Sprites/Tiles/Debug/DebugFloorPalette.prefab
  artifactKey: Guid(ec6ed1ba60d797540929361e5881cc73) Importer(815301076,1909f56bfc062723c751e8b465ee728b)
Start importing Assets/Sprites/Tiles/Debug/DebugFloorPalette.prefab using Guid(ec6ed1ba60d797540929361e5881cc73) Importer(815301076,1909f56bfc062723c751e8b465ee728b)  -> (artifact id: '801c120a6b94885deb3f6f24923f2aee') in 0.073056 seconds
  Import took 0.114262 seconds .

========================================================================
Received Import Request.
  Time since last request: 3.691918 seconds.
  path: Assets/Sprites/Tiles/Debug/Props
  artifactKey: Guid(72df6501bedd24340bf66dc1abab84af) Importer(815301076,1909f56bfc062723c751e8b465ee728b)
Start importing Assets/Sprites/Tiles/Debug/Props using Guid(72df6501bedd24340bf66dc1abab84af) Importer(815301076,1909f56bfc062723c751e8b465ee728b)  -> (artifact id: '00bebddc246ab31ffa618b86aaf3df97') in 0.010916 seconds
  Import took 0.125155 seconds .

========================================================================
Received Import Request.
  Time since last request: 6.277285 seconds.
  path: Assets/Sprites/Tiles/Debug/Floor/Hexagon_4x64.png
  artifactKey: Guid(c1a988d4033a575488a7e5377a137e0d) Importer(815301076,1909f56bfc062723c751e8b465ee728b)
Start importing Assets/Sprites/Tiles/Debug/Floor/Hexagon_4x64.png using Guid(c1a988d4033a575488a7e5377a137e0d) Importer(815301076,1909f56bfc062723c751e8b465ee728b)  -> (artifact id: '117fb80cf74fc99870c6633b46d5d650') in 0.171104 seconds
  Import took 0.196659 seconds .

========================================================================
Received Import Request.
  Time since last request: 11.840912 seconds.
  path: Assets/Sprites/Tiles/Debug/Floor/Hexagon_4x64.asset
  artifactKey: Guid(ce9448213d3099249bdca67dfd350360) Importer(815301076,1909f56bfc062723c751e8b465ee728b)
Start importing Assets/Sprites/Tiles/Debug/Floor/Hexagon_4x64.asset using Guid(ce9448213d3099249bdca67dfd350360) Importer(815301076,1909f56bfc062723c751e8b465ee728b)  -> (artifact id: '20adf3f3bd83b0c5adc9855622618f4c') in 0.034793 seconds
  Import took 0.052881 seconds .

========================================================================
Received Import Request.
  Time since last request: 372.350413 seconds.
  path: Assets/Sprites/Tiles/Debug/Floor/Hexagon_4x64.png
  artifactKey: Guid(c1a988d4033a575488a7e5377a137e0d) Importer(815301076,1909f56bfc062723c751e8b465ee728b)
Start importing Assets/Sprites/Tiles/Debug/Floor/Hexagon_4x64.png using Guid(c1a988d4033a575488a7e5377a137e0d) Importer(815301076,1909f56bfc062723c751e8b465ee728b)  -> (artifact id: '346da3302d14fc71bcefcd566ce3fac4') in 0.087358 seconds
  Import took 0.161702 seconds .

========================================================================
Received Import Request.
  Time since last request: 15.711573 seconds.
  path: Assets/Sprites/Tiles/Debug/Floor/Hexagon_4x64.png
  artifactKey: Guid(c1a988d4033a575488a7e5377a137e0d) Importer(815301076,1909f56bfc062723c751e8b465ee728b)
Start importing Assets/Sprites/Tiles/Debug/Floor/Hexagon_4x64.png using Guid(c1a988d4033a575488a7e5377a137e0d) Importer(815301076,1909f56bfc062723c751e8b465ee728b)  -> (artifact id: 'f6e6022f6f2baa2d33d6c3677b372aa9') in 0.037877 seconds
  Import took 0.075160 seconds .

========================================================================
Received Import Request.
  Time since last request: 16.268324 seconds.
  path: Assets/Sprites/Tiles/Debug/Floor/Hexagon_4x64_0.asset
  artifactKey: Guid(9add7e09206ae4e4b93452f77d9948ec) Importer(815301076,1909f56bfc062723c751e8b465ee728b)
Start importing Assets/Sprites/Tiles/Debug/Floor/Hexagon_4x64_0.asset using Guid(9add7e09206ae4e4b93452f77d9948ec) Importer(815301076,1909f56bfc062723c751e8b465ee728b)  -> (artifact id: '275005df2b375843e5ac6510344968a2') in 0.036132 seconds
  Import took 0.125184 seconds .

========================================================================
Received Import Request.
  Time since last request: 0.000329 seconds.
  path: Assets/Sprites/Tiles/Debug/Floor/Hexagon_4x64_1.asset
  artifactKey: Guid(9091d1f362caa6648982aab70143daf2) Importer(815301076,1909f56bfc062723c751e8b465ee728b)
Start importing Assets/Sprites/Tiles/Debug/Floor/Hexagon_4x64_1.asset using Guid(9091d1f362caa6648982aab70143daf2) Importer(815301076,1909f56bfc062723c751e8b465ee728b)  -> (artifact id: '63220179719d58e225d23addaa957e84') in 0.018673 seconds
  Import took 0.057067 seconds .

========================================================================
Received Import Request.
  Time since last request: 0.000438 seconds.
  path: Assets/Sprites/Tiles/Debug/Floor/Hexagon_4x64_3.asset
  artifactKey: Guid(9232216872328f842a80df407584b66e) Importer(815301076,1909f56bfc062723c751e8b465ee728b)
Start importing Assets/Sprites/Tiles/Debug/Floor/Hexagon_4x64_3.asset using Guid(9232216872328f842a80df407584b66e) Importer(815301076,1909f56bfc062723c751e8b465ee728b)  -> (artifact id: '777ef8dfdd142bc8898de4344a25a842') in 0.022869 seconds
  Import took 0.080426 seconds .

========================================================================
Received Import Request.
  Time since last request: 0.000215 seconds.
  path: Assets/Sprites/Tiles/Debug/Floor/Hexagon_4x64_2.asset
  artifactKey: Guid(8cfbe4b06b3550f40b9408ac5c27c8d3) Importer(815301076,1909f56bfc062723c751e8b465ee728b)
Start importing Assets/Sprites/Tiles/Debug/Floor/Hexagon_4x64_2.asset using Guid(8cfbe4b06b3550f40b9408ac5c27c8d3) Importer(815301076,1909f56bfc062723c751e8b465ee728b)  -> (artifact id: '47d72e7c9fdb6bbae8d8f41cf8509751') in 0.017423 seconds
  Import took 0.060233 seconds .

========================================================================
Received Import Request.
  Time since last request: 0.009414 seconds.
  path: Assets/Sprites/Tiles/Debug/Floor/Hexagon_4x64_2.asset
  artifactKey: Guid(8cfbe4b06b3550f40b9408ac5c27c8d3) Importer(815301076,1909f56bfc062723c751e8b465ee728b)
Start importing Assets/Sprites/Tiles/Debug/Floor/Hexagon_4x64_2.asset using Guid(8cfbe4b06b3550f40b9408ac5c27c8d3) Importer(815301076,1909f56bfc062723c751e8b465ee728b)  -> (artifact id: '47d72e7c9fdb6bbae8d8f41cf8509751') in 0.025212 seconds
  Import took 0.031599 seconds .

========================================================================
Received Import Request.
  Time since last request: 175.606687 seconds.
  path: Assets/Sprites/Tiles/Debug/Floor/Hexagon_4x64 1.png
  artifactKey: Guid(4b019dac5316ffb4eaf8ad098e8f1e86) Importer(815301076,1909f56bfc062723c751e8b465ee728b)
Start importing Assets/Sprites/Tiles/Debug/Floor/Hexagon_4x64 1.png using Guid(4b019dac5316ffb4eaf8ad098e8f1e86) Importer(815301076,1909f56bfc062723c751e8b465ee728b)  -> (artifact id: '7cd9f211b6b21b43bcd012abea95195a') in 0.025025 seconds
  Import took 0.035255 seconds .

========================================================================
Received Import Request.
  Time since last request: 10.909185 seconds.
  path: Assets/Sprites/Tiles/Debug/Floor/Hexagon_4x64.png
  artifactKey: Guid(c1a988d4033a575488a7e5377a137e0d) Importer(815301076,1909f56bfc062723c751e8b465ee728b)
Start importing Assets/Sprites/Tiles/Debug/Floor/Hexagon_4x64.png using Guid(c1a988d4033a575488a7e5377a137e0d) Importer(815301076,1909f56bfc062723c751e8b465ee728b)  -> (artifact id: 'dc46b4989480381c5c9d3ba1c8854014') in 0.033028 seconds
  Import took 0.074720 seconds .

========================================================================
Received Import Request.
  Time since last request: 10.123918 seconds.
  path: Assets/Sprites/Tiles/Debug/Floor/Hexagon_4x64.png
  artifactKey: Guid(c1a988d4033a575488a7e5377a137e0d) Importer(815301076,1909f56bfc062723c751e8b465ee728b)
Start importing Assets/Sprites/Tiles/Debug/Floor/Hexagon_4x64.png using Guid(c1a988d4033a575488a7e5377a137e0d) Importer(815301076,1909f56bfc062723c751e8b465ee728b)  -> (artifact id: '89927eb6702081096027d3b967c32a99') in 0.014668 seconds
  Import took 0.046483 seconds .

========================================================================
Received Import Request.
  Time since last request: 5.818689 seconds.
  path: Assets/Sprites/Tiles/Debug/Floor/Hexagon_4x64.png
  artifactKey: Guid(c1a988d4033a575488a7e5377a137e0d) Importer(815301076,1909f56bfc062723c751e8b465ee728b)
Start importing Assets/Sprites/Tiles/Debug/Floor/Hexagon_4x64.png using Guid(c1a988d4033a575488a7e5377a137e0d) Importer(815301076,1909f56bfc062723c751e8b465ee728b)  -> (artifact id: '120f0f4f63d8e72b0e27d175c4a0e20b') in 0.039047 seconds
  Import took 0.056286 seconds .

========================================================================
Received Prepare
Registering precompiled user dll's ...
Registered in 0.001650 seconds.
Begin MonoManager ReloadAssembly
Native extension for WindowsStandalone target not found
Refreshing native plugins compatible for Editor in 0.55 ms, found 1 plugins.
Preloading 0 native plugins for Editor in 0.00 ms.
Mono: successfully reloaded assembly
- Completed reload, in  1.222 seconds
Platform modules already initialized, skipping
Refreshing native plugins compatible for Editor in 0.64 ms, found 1 plugins.
Preloading 0 native plugins for Editor in 0.00 ms.
Unloading 2610 Unused Serialized files (Serialized files now loaded: 0)
System memory in use before: 111.3 MB.
System memory in use after: 111.4 MB.

Unloading 13 unused Assets to reduce memory usage. Loaded Objects now: 3082.
Total: 3.217900 ms (FindLiveObjects: 0.336200 ms CreateObjectMapping: 0.189500 ms MarkObjects: 2.517200 ms  DeleteObjects: 0.173600 ms)

========================================================================
Received Prepare
Registering precompiled user dll's ...
Registered in 0.002788 seconds.
Begin MonoManager ReloadAssembly
Native extension for WindowsStandalone target not found
Refreshing native plugins compatible for Editor in 1.07 ms, found 1 plugins.
Preloading 0 native plugins for Editor in 0.00 ms.
Mono: successfully reloaded assembly
- Completed reload, in  2.135 seconds
Platform modules already initialized, skipping
Refreshing native plugins compatible for Editor in 0.91 ms, found 1 plugins.
Preloading 0 native plugins for Editor in 0.00 ms.
Unloading 2610 Unused Serialized files (Serialized files now loaded: 0)
System memory in use before: 111.4 MB.
System memory in use after: 111.5 MB.

Unloading 13 unused Assets to reduce memory usage. Loaded Objects now: 3086.
Total: 8.249800 ms (FindLiveObjects: 2.441200 ms CreateObjectMapping: 0.557900 ms MarkObjects: 5.112100 ms  DeleteObjects: 0.135600 ms)

========================================================================
Received Prepare
Registering precompiled user dll's ...
Registered in 0.001399 seconds.
Begin MonoManager ReloadAssembly
Native extension for WindowsStandalone target not found
Refreshing native plugins compatible for Editor in 0.60 ms, found 1 plugins.
Preloading 0 native plugins for Editor in 0.00 ms.
Mono: successfully reloaded assembly
- Completed reload, in  1.171 seconds
Platform modules already initialized, skipping
Refreshing native plugins compatible for Editor in 0.59 ms, found 1 plugins.
Preloading 0 native plugins for Editor in 0.00 ms.
Unloading 2610 Unused Serialized files (Serialized files now loaded: 0)
System memory in use before: 111.5 MB.
System memory in use after: 111.5 MB.

Unloading 13 unused Assets to reduce memory usage. Loaded Objects now: 3090.
Total: 3.484600 ms (FindLiveObjects: 0.429600 ms CreateObjectMapping: 0.305500 ms MarkObjects: 2.558700 ms  DeleteObjects: 0.189200 ms)

========================================================================
Received Import Request.
  Time since last request: 418.615718 seconds.
  path: Assets/Materials/Sprites-Lit.mat
  artifactKey: Guid(d05b3caeea4e8dc40af46b94ebd191ca) Importer(815301076,1909f56bfc062723c751e8b465ee728b)
Start importing Assets/Materials/Sprites-Lit.mat using Guid(d05b3caeea4e8dc40af46b94ebd191ca) Importer(815301076,1909f56bfc062723c751e8b465ee728b)  -> (artifact id: 'f78623420a63c8565cadbe1434dce575') in 0.611838 seconds
  Import took 0.638798 seconds .

========================================================================
Received Import Request.
  Time since last request: 18.121900 seconds.
  path: Assets/Materials/Sprites-Lit.mat
  artifactKey: Guid(d05b3caeea4e8dc40af46b94ebd191ca) Importer(815301076,1909f56bfc062723c751e8b465ee728b)
Start importing Assets/Materials/Sprites-Lit.mat using Guid(d05b3caeea4e8dc40af46b94ebd191ca) Importer(815301076,1909f56bfc062723c751e8b465ee728b)  -> (artifact id: '7d3141df7d11af3b631e9007dab9d2d0') in 0.022819 seconds
  Import took 0.035966 seconds .

========================================================================
Received Prepare
Registering precompiled user dll's ...
Registered in 0.001884 seconds.
Begin MonoManager ReloadAssembly
Native extension for WindowsStandalone target not found
Refreshing native plugins compatible for Editor in 0.73 ms, found 1 plugins.
Preloading 0 native plugins for Editor in 0.00 ms.
Mono: successfully reloaded assembly
- Completed reload, in  1.577 seconds
Platform modules already initialized, skipping
Refreshing native plugins compatible for Editor in 0.76 ms, found 1 plugins.
Preloading 0 native plugins for Editor in 0.00 ms.
Unloading 2610 Unused Serialized files (Serialized files now loaded: 0)
System memory in use before: 111.7 MB.
System memory in use after: 111.8 MB.

Unloading 13 unused Assets to reduce memory usage. Loaded Objects now: 3131.
Total: 4.663400 ms (FindLiveObjects: 0.372800 ms CreateObjectMapping: 0.488300 ms MarkObjects: 3.669200 ms  DeleteObjects: 0.131200 ms)

========================================================================
Received Import Request.
  Time since last request: 191.280353 seconds.
  path: Assets/Prefabs/SampleProp.prefab
  artifactKey: Guid(6e2e12480282be848bff36551469484a) Importer(815301076,1909f56bfc062723c751e8b465ee728b)
Start importing Assets/Prefabs/SampleProp.prefab using Guid(6e2e12480282be848bff36551469484a) Importer(815301076,1909f56bfc062723c751e8b465ee728b)  -> (artifact id: '849dc873795e62c2bfabc4c20f09fd9f') in 0.148062 seconds
  Import took 0.220217 seconds .

========================================================================
Received Prepare
Registering precompiled user dll's ...
Registered in 0.001389 seconds.
Begin MonoManager ReloadAssembly
Native extension for WindowsStandalone target not found
Refreshing native plugins compatible for Editor in 0.88 ms, found 1 plugins.
Preloading 0 native plugins for Editor in 0.00 ms.
Mono: successfully reloaded assembly
- Completed reload, in  1.186 seconds
Platform modules already initialized, skipping
Refreshing native plugins compatible for Editor in 0.53 ms, found 1 plugins.
Preloading 0 native plugins for Editor in 0.00 ms.
Unloading 2610 Unused Serialized files (Serialized files now loaded: 0)
System memory in use before: 111.6 MB.
System memory in use after: 111.7 MB.

Unloading 13 unused Assets to reduce memory usage. Loaded Objects now: 3136.
Total: 3.437700 ms (FindLiveObjects: 0.293400 ms CreateObjectMapping: 0.209400 ms MarkObjects: 2.752700 ms  DeleteObjects: 0.180200 ms)

========================================================================
Received Import Request.
  Time since last request: 81.715860 seconds.
  path: Assets/Prefabs/SampleProp.prefab
  artifactKey: Guid(6e2e12480282be848bff36551469484a) Importer(815301076,1909f56bfc062723c751e8b465ee728b)
Start importing Assets/Prefabs/SampleProp.prefab using Guid(6e2e12480282be848bff36551469484a) Importer(815301076,1909f56bfc062723c751e8b465ee728b)  -> (artifact id: '7d9c9ec69935ff80f1eb5b5158a2b5d1') in 0.081920 seconds
  Import took 0.089678 seconds .

========================================================================
Received Import Request.
  Time since last request: 4.217569 seconds.
  path: Assets/Prefabs/SampleProp.prefab
  artifactKey: Guid(6e2e12480282be848bff36551469484a) Importer(815301076,1909f56bfc062723c751e8b465ee728b)
Start importing Assets/Prefabs/SampleProp.prefab using Guid(6e2e12480282be848bff36551469484a) Importer(815301076,1909f56bfc062723c751e8b465ee728b)  -> (artifact id: '605aacfaff3613f1e16fae4fc48871c5') in 0.046866 seconds
  Import took 0.075838 seconds .

========================================================================
Received Import Request.
  Time since last request: 11.629159 seconds.
  path: ProjectSettings/TagManager.asset
  artifactKey: Guid(00000000000000003000000000000000) Importer(815301076,1909f56bfc062723c751e8b465ee728b)
Start importing ProjectSettings/TagManager.asset using Guid(00000000000000003000000000000000) Importer(815301076,1909f56bfc062723c751e8b465ee728b)  -> (artifact id: '53d73e2994fab6f4a63ab2e166294be5') in 0.014016 seconds
  Import took 0.075437 seconds .

========================================================================
Received Import Request.
  Time since last request: 9.180468 seconds.
  path: Assets/Prefabs/SampleProp.prefab
  artifactKey: Guid(6e2e12480282be848bff36551469484a) Importer(815301076,1909f56bfc062723c751e8b465ee728b)
Start importing Assets/Prefabs/SampleProp.prefab using Guid(6e2e12480282be848bff36551469484a) Importer(815301076,1909f56bfc062723c751e8b465ee728b)  -> (artifact id: '3cf01e8fb00c42486bd37d8188a992b5') in 0.024324 seconds
  Import took 0.047166 seconds .

========================================================================
Received Prepare
Registering precompiled user dll's ...
Registered in 0.001475 seconds.
Begin MonoManager ReloadAssembly
Native extension for WindowsStandalone target not found
Refreshing native plugins compatible for Editor in 0.95 ms, found 1 plugins.
Preloading 0 native plugins for Editor in 0.00 ms.
Mono: successfully reloaded assembly
- Completed reload, in  1.124 seconds
Platform modules already initialized, skipping
Refreshing native plugins compatible for Editor in 0.52 ms, found 1 plugins.
Preloading 0 native plugins for Editor in 0.00 ms.
Unloading 2610 Unused Serialized files (Serialized files now loaded: 0)
System memory in use before: 111.8 MB.
System memory in use after: 111.9 MB.

Unloading 14 unused Assets to reduce memory usage. Loaded Objects now: 3141.
Total: 3.735800 ms (FindLiveObjects: 0.461700 ms CreateObjectMapping: 0.202300 ms MarkObjects: 2.917800 ms  DeleteObjects: 0.152300 ms)

========================================================================
Received Prepare
Registering precompiled user dll's ...
Registered in 0.007039 seconds.
Begin MonoManager ReloadAssembly
Native extension for WindowsStandalone target not found
Refreshing native plugins compatible for Editor in 0.60 ms, found 1 plugins.
Preloading 0 native plugins for Editor in 0.00 ms.
Mono: successfully reloaded assembly
- Completed reload, in  2.591 seconds
Platform modules already initialized, skipping
Refreshing native plugins compatible for Editor in 0.66 ms, found 1 plugins.
Preloading 0 native plugins for Editor in 0.00 ms.
Unloading 2610 Unused Serialized files (Serialized files now loaded: 0)
System memory in use before: 111.8 MB.
System memory in use after: 111.9 MB.

Unloading 13 unused Assets to reduce memory usage. Loaded Objects now: 3145.
Total: 5.329800 ms (FindLiveObjects: 0.345200 ms CreateObjectMapping: 0.230400 ms MarkObjects: 4.545600 ms  DeleteObjects: 0.206600 ms)

========================================================================
Received Prepare
Registering precompiled user dll's ...
Registered in 0.001679 seconds.
Begin MonoManager ReloadAssembly
Native extension for WindowsStandalone target not found
Refreshing native plugins compatible for Editor in 0.50 ms, found 1 plugins.
Preloading 0 native plugins for Editor in 0.00 ms.
Mono: successfully reloaded assembly
- Completed reload, in  1.169 seconds
Platform modules already initialized, skipping
Refreshing native plugins compatible for Editor in 0.54 ms, found 1 plugins.
Preloading 0 native plugins for Editor in 0.00 ms.
Unloading 2610 Unused Serialized files (Serialized files now loaded: 0)
System memory in use before: 111.8 MB.
System memory in use after: 111.9 MB.

Unloading 13 unused Assets to reduce memory usage. Loaded Objects now: 3149.
Total: 3.006600 ms (FindLiveObjects: 0.307600 ms CreateObjectMapping: 0.184100 ms MarkObjects: 2.331000 ms  DeleteObjects: 0.182700 ms)

========================================================================
Received Prepare
Registering precompiled user dll's ...
Registered in 0.001448 seconds.
Begin MonoManager ReloadAssembly
Native extension for WindowsStandalone target not found
Refreshing native plugins compatible for Editor in 0.73 ms, found 1 plugins.
Preloading 0 native plugins for Editor in 0.00 ms.
Mono: successfully reloaded assembly
- Completed reload, in  1.565 seconds
Platform modules already initialized, skipping
Refreshing native plugins compatible for Editor in 0.59 ms, found 1 plugins.
Preloading 0 native plugins for Editor in 0.00 ms.
Unloading 2610 Unused Serialized files (Serialized files now loaded: 0)
System memory in use before: 111.8 MB.
System memory in use after: 111.9 MB.

Unloading 13 unused Assets to reduce memory usage. Loaded Objects now: 3153.
Total: 4.756100 ms (FindLiveObjects: 0.867500 ms CreateObjectMapping: 0.864900 ms MarkObjects: 2.833600 ms  DeleteObjects: 0.188300 ms)

========================================================================
Received Prepare
Registering precompiled user dll's ...
Registered in 0.001432 seconds.
Begin MonoManager ReloadAssembly
Native extension for WindowsStandalone target not found
Refreshing native plugins compatible for Editor in 0.49 ms, found 1 plugins.
Preloading 0 native plugins for Editor in 0.00 ms.
Mono: successfully reloaded assembly
- Completed reload, in  1.245 seconds
Platform modules already initialized, skipping
Refreshing native plugins compatible for Editor in 0.53 ms, found 1 plugins.
Preloading 0 native plugins for Editor in 0.00 ms.
Unloading 2610 Unused Serialized files (Serialized files now loaded: 0)
System memory in use before: 111.8 MB.
System memory in use after: 111.9 MB.

Unloading 13 unused Assets to reduce memory usage. Loaded Objects now: 3157.
Total: 3.064600 ms (FindLiveObjects: 0.414400 ms CreateObjectMapping: 0.313600 ms MarkObjects: 2.161500 ms  DeleteObjects: 0.173900 ms)

========================================================================
Received Prepare
Registering precompiled user dll's ...
Registered in 0.001542 seconds.
Begin MonoManager ReloadAssembly
Native extension for WindowsStandalone target not found
Refreshing native plugins compatible for Editor in 0.64 ms, found 1 plugins.
Preloading 0 native plugins for Editor in 0.00 ms.
Mono: successfully reloaded assembly
- Completed reload, in  1.097 seconds
Platform modules already initialized, skipping
Refreshing native plugins compatible for Editor in 0.52 ms, found 1 plugins.
Preloading 0 native plugins for Editor in 0.00 ms.
Unloading 2610 Unused Serialized files (Serialized files now loaded: 0)
System memory in use before: 111.8 MB.
System memory in use after: 111.9 MB.

Unloading 13 unused Assets to reduce memory usage. Loaded Objects now: 3161.
Total: 3.018500 ms (FindLiveObjects: 0.453000 ms CreateObjectMapping: 0.211200 ms MarkObjects: 2.160600 ms  DeleteObjects: 0.192400 ms)

========================================================================
Received Prepare
Registering precompiled user dll's ...
Registered in 0.001546 seconds.
Begin MonoManager ReloadAssembly
Native extension for WindowsStandalone target not found
Refreshing native plugins compatible for Editor in 0.51 ms, found 1 plugins.
Preloading 0 native plugins for Editor in 0.00 ms.
Mono: successfully reloaded assembly
- Completed reload, in  1.193 seconds
Platform modules already initialized, skipping
Refreshing native plugins compatible for Editor in 0.58 ms, found 1 plugins.
Preloading 0 native plugins for Editor in 0.00 ms.
Unloading 2610 Unused Serialized files (Serialized files now loaded: 0)
System memory in use before: 111.8 MB.
System memory in use after: 111.9 MB.

Unloading 13 unused Assets to reduce memory usage. Loaded Objects now: 3165.
Total: 2.999800 ms (FindLiveObjects: 0.307700 ms CreateObjectMapping: 0.184800 ms MarkObjects: 2.302300 ms  DeleteObjects: 0.203700 ms)

========================================================================
Received Prepare
Registering precompiled user dll's ...
Registered in 0.001419 seconds.
Begin MonoManager ReloadAssembly
Native extension for WindowsStandalone target not found
Refreshing native plugins compatible for Editor in 0.50 ms, found 1 plugins.
Preloading 0 native plugins for Editor in 0.00 ms.
Mono: successfully reloaded assembly
- Completed reload, in  1.114 seconds
Platform modules already initialized, skipping
Refreshing native plugins compatible for Editor in 0.58 ms, found 1 plugins.
Preloading 0 native plugins for Editor in 0.00 ms.
Unloading 2610 Unused Serialized files (Serialized files now loaded: 0)
System memory in use before: 111.7 MB.
System memory in use after: 111.8 MB.

Unloading 13 unused Assets to reduce memory usage. Loaded Objects now: 3169.
Total: 3.591100 ms (FindLiveObjects: 0.336700 ms CreateObjectMapping: 0.230700 ms MarkObjects: 2.783400 ms  DeleteObjects: 0.238400 ms)

========================================================================
Received Prepare
Registering precompiled user dll's ...
Registered in 0.001416 seconds.
Begin MonoManager ReloadAssembly
Native extension for WindowsStandalone target not found
Refreshing native plugins compatible for Editor in 0.50 ms, found 1 plugins.
Preloading 0 native plugins for Editor in 0.00 ms.
Mono: successfully reloaded assembly
- Completed reload, in  1.228 seconds
Platform modules already initialized, skipping
Refreshing native plugins compatible for Editor in 0.55 ms, found 1 plugins.
Preloading 0 native plugins for Editor in 0.00 ms.
Unloading 2610 Unused Serialized files (Serialized files now loaded: 0)
System memory in use before: 111.8 MB.
System memory in use after: 111.9 MB.

Unloading 13 unused Assets to reduce memory usage. Loaded Objects now: 3173.
Total: 3.613300 ms (FindLiveObjects: 0.578100 ms CreateObjectMapping: 0.407400 ms MarkObjects: 2.431900 ms  DeleteObjects: 0.194700 ms)

========================================================================
Received Prepare
Registering precompiled user dll's ...
Registered in 0.001589 seconds.
Begin MonoManager ReloadAssembly
Native extension for WindowsStandalone target not found
Refreshing native plugins compatible for Editor in 0.56 ms, found 1 plugins.
Preloading 0 native plugins for Editor in 0.00 ms.
Mono: successfully reloaded assembly
- Completed reload, in  1.222 seconds
Platform modules already initialized, skipping
Refreshing native plugins compatible for Editor in 0.84 ms, found 1 plugins.
Preloading 0 native plugins for Editor in 0.00 ms.
Unloading 2610 Unused Serialized files (Serialized files now loaded: 0)
System memory in use before: 111.8 MB.
System memory in use after: 111.9 MB.

Unloading 13 unused Assets to reduce memory usage. Loaded Objects now: 3177.
Total: 6.751400 ms (FindLiveObjects: 1.031200 ms CreateObjectMapping: 0.476400 ms MarkObjects: 4.974300 ms  DeleteObjects: 0.263000 ms)

========================================================================
Received Prepare
Registering precompiled user dll's ...
Registered in 0.001573 seconds.
Begin MonoManager ReloadAssembly
Native extension for WindowsStandalone target not found
Refreshing native plugins compatible for Editor in 0.65 ms, found 1 plugins.
Preloading 0 native plugins for Editor in 0.00 ms.
Mono: successfully reloaded assembly
- Completed reload, in  1.201 seconds
Platform modules already initialized, skipping
Refreshing native plugins compatible for Editor in 0.59 ms, found 1 plugins.
Preloading 0 native plugins for Editor in 0.00 ms.
Unloading 2610 Unused Serialized files (Serialized files now loaded: 0)
System memory in use before: 111.9 MB.
System memory in use after: 111.9 MB.

Unloading 13 unused Assets to reduce memory usage. Loaded Objects now: 3181.
Total: 3.779800 ms (FindLiveObjects: 0.362100 ms CreateObjectMapping: 0.390600 ms MarkObjects: 2.782600 ms  DeleteObjects: 0.242700 ms)

========================================================================
Received Import Request.
  Time since last request: 742.637392 seconds.
  path: Assets/Prefabs/SampleProp.prefab
  artifactKey: Guid(6e2e12480282be848bff36551469484a) Importer(815301076,1909f56bfc062723c751e8b465ee728b)
Start importing Assets/Prefabs/SampleProp.prefab using Guid(6e2e12480282be848bff36551469484a) Importer(815301076,1909f56bfc062723c751e8b465ee728b)  -> (artifact id: '50f3248ae86b38d501a3b459506f71e5') in 0.139126 seconds
  Import took 0.169440 seconds .

========================================================================
Received Prepare
Registering precompiled user dll's ...
Registered in 0.001397 seconds.
Begin MonoManager ReloadAssembly
Native extension for WindowsStandalone target not found
Refreshing native plugins compatible for Editor in 0.56 ms, found 1 plugins.
Preloading 0 native plugins for Editor in 0.00 ms.
Mono: successfully reloaded assembly
- Completed reload, in  1.404 seconds
Platform modules already initialized, skipping
Refreshing native plugins compatible for Editor in 0.56 ms, found 1 plugins.
Preloading 0 native plugins for Editor in 0.00 ms.
Unloading 2610 Unused Serialized files (Serialized files now loaded: 0)
System memory in use before: 112.2 MB.
System memory in use after: 112.3 MB.

Unloading 13 unused Assets to reduce memory usage. Loaded Objects now: 3188.
Total: 5.210400 ms (FindLiveObjects: 0.397300 ms CreateObjectMapping: 0.363100 ms MarkObjects: 4.281700 ms  DeleteObjects: 0.166200 ms)

========================================================================
Received Import Request.
  Time since last request: 240.890835 seconds.
  path: Assets/Sprites/Tiles/Debug/DebugFloorPalette.prefab
  artifactKey: Guid(ec6ed1ba60d797540929361e5881cc73) Importer(815301076,1909f56bfc062723c751e8b465ee728b)
Start importing Assets/Sprites/Tiles/Debug/DebugFloorPalette.prefab using Guid(ec6ed1ba60d797540929361e5881cc73) Importer(815301076,1909f56bfc062723c751e8b465ee728b)  -> (artifact id: '562ce2aea097994f04354c975b849bbc') in 0.179830 seconds
  Import took 0.222738 seconds .

========================================================================
Received Import Request.
  Time since last request: 3.592521 seconds.
  path: Assets/Sprites/Tiles/Debug/Props/PropsPalette.prefab
  artifactKey: Guid(71b37bc4a11b67548987fa653f57d210) Importer(815301076,1909f56bfc062723c751e8b465ee728b)
Start importing Assets/Sprites/Tiles/Debug/Props/PropsPalette.prefab using Guid(71b37bc4a11b67548987fa653f57d210) Importer(815301076,1909f56bfc062723c751e8b465ee728b)  -> (artifact id: '2041011c80adc3bfe0b13b4fc36c350f') in 0.150543 seconds
  Import took 0.188301 seconds .

========================================================================
Received Import Request.
  Time since last request: 12.322123 seconds.
  path: Assets/Sprites/Tiles/Debug/Floor/Debug_64.png
  artifactKey: Guid(4254c3d5e906eaf4e9f3d0666f4a78e2) Importer(815301076,1909f56bfc062723c751e8b465ee728b)
Start importing Assets/Sprites/Tiles/Debug/Floor/Debug_64.png using Guid(4254c3d5e906eaf4e9f3d0666f4a78e2) Importer(815301076,1909f56bfc062723c751e8b465ee728b)  -> (artifact id: '53d7bc7fb0af8e459bcc97a3675adf05') in 0.072743 seconds
  Import took 0.082503 seconds .

========================================================================
Received Import Request.
  Time since last request: 9.316421 seconds.
  path: Assets/Sprites/Tiles/Debug/Floor/Hexagon_4x64.png
  artifactKey: Guid(c1a988d4033a575488a7e5377a137e0d) Importer(815301076,1909f56bfc062723c751e8b465ee728b)
Start importing Assets/Sprites/Tiles/Debug/Floor/Hexagon_4x64.png using Guid(c1a988d4033a575488a7e5377a137e0d) Importer(815301076,1909f56bfc062723c751e8b465ee728b)  -> (artifact id: '12f8e7b7d6bd931a7b890b6f544b7543') in 0.038813 seconds
  Import took 0.055473 seconds .

========================================================================
Received Import Request.
  Time since last request: 17.463753 seconds.
  path: Assets/Sprites/Tiles/Debug/Floor/TestSizeWood_64.png
  artifactKey: Guid(0f445537e5d7c7542adc3af56b315907) Importer(815301076,1909f56bfc062723c751e8b465ee728b)
Start importing Assets/Sprites/Tiles/Debug/Floor/TestSizeWood_64.png using Guid(0f445537e5d7c7542adc3af56b315907) Importer(815301076,1909f56bfc062723c751e8b465ee728b)  -> (artifact id: '80f179c4d2670e229b18f98155b83e05') in 0.030022 seconds
  Import took 0.064249 seconds .

========================================================================
Received Prepare
Registering precompiled user dll's ...
Registered in 0.001598 seconds.
Begin MonoManager ReloadAssembly
Native extension for WindowsStandalone target not found
Refreshing native plugins compatible for Editor in 1.25 ms, found 1 plugins.
Preloading 0 native plugins for Editor in 0.00 ms.
Mono: successfully reloaded assembly
- Completed reload, in  1.677 seconds
Platform modules already initialized, skipping
Refreshing native plugins compatible for Editor in 1.12 ms, found 1 plugins.
Preloading 0 native plugins for Editor in 0.00 ms.
Unloading 2610 Unused Serialized files (Serialized files now loaded: 0)
System memory in use before: 112.1 MB.
System memory in use after: 112.2 MB.

Unloading 13 unused Assets to reduce memory usage. Loaded Objects now: 3193.
Total: 5.213300 ms (FindLiveObjects: 1.531600 ms CreateObjectMapping: 0.936500 ms MarkObjects: 2.594800 ms  DeleteObjects: 0.148700 ms)

========================================================================
Received Import Request.
  Time since last request: 57.233682 seconds.
  path: Assets/Sprites/Tiles/Debug/Floor/Closed_64.png
  artifactKey: Guid(72a5efab398b2864198f8fd25d7b402f) Importer(815301076,1909f56bfc062723c751e8b465ee728b)
Start importing Assets/Sprites/Tiles/Debug/Floor/Closed_64.png using Guid(72a5efab398b2864198f8fd25d7b402f) Importer(815301076,1909f56bfc062723c751e8b465ee728b)  -> (artifact id: '31c518b0ee72efa78ea0485a16036ea2') in 0.109642 seconds
  Import took 0.196718 seconds .

========================================================================
Received Import Request.
  Time since last request: 186.352352 seconds.
  path: Assets/Sprites/Tiles/Debug/Wall/DebugWall_64x128.png
  artifactKey: Guid(90a87910a9351aa4a982c671703b346d) Importer(815301076,1909f56bfc062723c751e8b465ee728b)
Start importing Assets/Sprites/Tiles/Debug/Wall/DebugWall_64x128.png using Guid(90a87910a9351aa4a982c671703b346d) Importer(815301076,1909f56bfc062723c751e8b465ee728b)  -> (artifact id: '8a845e0adb2c1f76fa2786b82782ac9b') in 0.029213 seconds
  Import took 0.037134 seconds .

========================================================================
Received Import Request.
  Time since last request: 0.003672 seconds.
  path: Assets/Sprites/Tiles/Debug/Wall/DebugWall_64x128.png
  artifactKey: Guid(90a87910a9351aa4a982c671703b346d) Importer(815301076,1909f56bfc062723c751e8b465ee728b)
Start importing Assets/Sprites/Tiles/Debug/Wall/DebugWall_64x128.png using Guid(90a87910a9351aa4a982c671703b346d) Importer(815301076,1909f56bfc062723c751e8b465ee728b)  -> (artifact id: '8a845e0adb2c1f76fa2786b82782ac9b') in 0.035484 seconds
  Import took 0.042455 seconds .

========================================================================
Received Import Request.
  Time since last request: 12.477782 seconds.
  path: Assets/Sprites/Tiles/Debug/Wall/DebugWall_64x128.asset
  artifactKey: Guid(86ab3c8c541d1b64392cb5bbbba84c75) Importer(815301076,1909f56bfc062723c751e8b465ee728b)
Start importing Assets/Sprites/Tiles/Debug/Wall/DebugWall_64x128.asset using Guid(86ab3c8c541d1b64392cb5bbbba84c75) Importer(815301076,1909f56bfc062723c751e8b465ee728b)  -> (artifact id: 'eadb0614c2b2e2f5d99aeafa32c2b2e4') in 0.037964 seconds
  Import took 0.061362 seconds .

========================================================================
Received Import Request.
  Time since last request: 0.005511 seconds.
  path: Assets/Sprites/Tiles/Debug/Wall/DebugWall_64x128.asset
  artifactKey: Guid(86ab3c8c541d1b64392cb5bbbba84c75) Importer(815301076,1909f56bfc062723c751e8b465ee728b)
Start importing Assets/Sprites/Tiles/Debug/Wall/DebugWall_64x128.asset using Guid(86ab3c8c541d1b64392cb5bbbba84c75) Importer(815301076,1909f56bfc062723c751e8b465ee728b)  -> (artifact id: 'eadb0614c2b2e2f5d99aeafa32c2b2e4') in 0.011448 seconds
  Import took 0.019403 seconds .

========================================================================
Received Import Request.
  Time since last request: 81.439295 seconds.
  path: Assets/Materials/Sprites-Lit.mat
  artifactKey: Guid(d05b3caeea4e8dc40af46b94ebd191ca) Importer(815301076,1909f56bfc062723c751e8b465ee728b)
Start importing Assets/Materials/Sprites-Lit.mat using Guid(d05b3caeea4e8dc40af46b94ebd191ca) Importer(815301076,1909f56bfc062723c751e8b465ee728b)  -> (artifact id: 'bff2bf2e3217777a629b5aaab91b2d86') in 0.155672 seconds
  Import took 0.163161 seconds .

========================================================================
Received Prepare
Registering precompiled user dll's ...
Registered in 0.001464 seconds.
Begin MonoManager ReloadAssembly
Native extension for WindowsStandalone target not found
Refreshing native plugins compatible for Editor in 0.50 ms, found 1 plugins.
Preloading 0 native plugins for Editor in 0.00 ms.
Mono: successfully reloaded assembly
- Completed reload, in  1.746 seconds
Platform modules already initialized, skipping
Refreshing native plugins compatible for Editor in 0.57 ms, found 1 plugins.
Preloading 0 native plugins for Editor in 0.00 ms.
Unloading 2610 Unused Serialized files (Serialized files now loaded: 0)
System memory in use before: 112.2 MB.
System memory in use after: 112.3 MB.

Unloading 13 unused Assets to reduce memory usage. Loaded Objects now: 3201.
Total: 2.891300 ms (FindLiveObjects: 0.346200 ms CreateObjectMapping: 0.202700 ms MarkObjects: 2.206000 ms  DeleteObjects: 0.134400 ms)

========================================================================
Received Prepare
Registering precompiled user dll's ...
Registered in 0.001509 seconds.
Begin MonoManager ReloadAssembly
Native extension for WindowsStandalone target not found
Refreshing native plugins compatible for Editor in 0.57 ms, found 1 plugins.
Preloading 0 native plugins for Editor in 0.00 ms.
Mono: successfully reloaded assembly
- Completed reload, in  1.131 seconds
Platform modules already initialized, skipping
Refreshing native plugins compatible for Editor in 0.74 ms, found 1 plugins.
Preloading 0 native plugins for Editor in 0.00 ms.
Unloading 2610 Unused Serialized files (Serialized files now loaded: 0)
System memory in use before: 112.2 MB.
System memory in use after: 112.3 MB.

Unloading 13 unused Assets to reduce memory usage. Loaded Objects now: 3205.
Total: 3.458900 ms (FindLiveObjects: 0.373600 ms CreateObjectMapping: 0.273800 ms MarkObjects: 2.653300 ms  DeleteObjects: 0.155800 ms)

========================================================================
Received Prepare
Registering precompiled user dll's ...
Registered in 0.001467 seconds.
Begin MonoManager ReloadAssembly
Native extension for WindowsStandalone target not found
Refreshing native plugins compatible for Editor in 0.50 ms, found 1 plugins.
Preloading 0 native plugins for Editor in 0.00 ms.
Mono: successfully reloaded assembly
- Completed reload, in  1.112 seconds
Platform modules already initialized, skipping
Refreshing native plugins compatible for Editor in 0.55 ms, found 1 plugins.
Preloading 0 native plugins for Editor in 0.00 ms.
Unloading 2610 Unused Serialized files (Serialized files now loaded: 0)
System memory in use before: 112.2 MB.
System memory in use after: 112.3 MB.

Unloading 13 unused Assets to reduce memory usage. Loaded Objects now: 3209.
Total: 2.949200 ms (FindLiveObjects: 0.299600 ms CreateObjectMapping: 0.252300 ms MarkObjects: 2.206800 ms  DeleteObjects: 0.189200 ms)

========================================================================
Received Prepare
Registering precompiled user dll's ...
Registered in 0.003342 seconds.
Begin MonoManager ReloadAssembly
Native extension for WindowsStandalone target not found
Refreshing native plugins compatible for Editor in 0.63 ms, found 1 plugins.
Preloading 0 native plugins for Editor in 0.00 ms.
Mono: successfully reloaded assembly
- Completed reload, in  1.122 seconds
Platform modules already initialized, skipping
Refreshing native plugins compatible for Editor in 0.51 ms, found 1 plugins.
Preloading 0 native plugins for Editor in 0.00 ms.
Unloading 2610 Unused Serialized files (Serialized files now loaded: 0)
System memory in use before: 112.2 MB.
System memory in use after: 112.3 MB.

Unloading 13 unused Assets to reduce memory usage. Loaded Objects now: 3213.
Total: 4.568700 ms (FindLiveObjects: 0.345400 ms CreateObjectMapping: 0.194100 ms MarkObjects: 3.841700 ms  DeleteObjects: 0.185900 ms)

========================================================================
Received Prepare
Registering precompiled user dll's ...
Registered in 0.001434 seconds.
Begin MonoManager ReloadAssembly
Native extension for WindowsStandalone target not found
Refreshing native plugins compatible for Editor in 0.58 ms, found 1 plugins.
Preloading 0 native plugins for Editor in 0.00 ms.
Mono: successfully reloaded assembly
- Completed reload, in  1.435 seconds
Platform modules already initialized, skipping
Refreshing native plugins compatible for Editor in 0.53 ms, found 1 plugins.
Preloading 0 native plugins for Editor in 0.00 ms.
Unloading 2610 Unused Serialized files (Serialized files now loaded: 0)
System memory in use before: 112.2 MB.
System memory in use after: 112.3 MB.

Unloading 13 unused Assets to reduce memory usage. Loaded Objects now: 3217.
Total: 2.877000 ms (FindLiveObjects: 0.420700 ms CreateObjectMapping: 0.194400 ms MarkObjects: 2.086800 ms  DeleteObjects: 0.174000 ms)

========================================================================
Received Prepare
Registering precompiled user dll's ...
Registered in 0.001886 seconds.
Begin MonoManager ReloadAssembly
Native extension for WindowsStandalone target not found
Refreshing native plugins compatible for Editor in 1.18 ms, found 1 plugins.
Preloading 0 native plugins for Editor in 0.00 ms.
Mono: successfully reloaded assembly
- Completed reload, in  2.427 seconds
Platform modules already initialized, skipping
Refreshing native plugins compatible for Editor in 0.78 ms, found 1 plugins.
Preloading 0 native plugins for Editor in 0.00 ms.
Unloading 2610 Unused Serialized files (Serialized files now loaded: 0)
System memory in use before: 112.2 MB.
System memory in use after: 112.3 MB.

Unloading 13 unused Assets to reduce memory usage. Loaded Objects now: 3221.
Total: 7.890500 ms (FindLiveObjects: 1.374000 ms CreateObjectMapping: 1.153800 ms MarkObjects: 5.189700 ms  DeleteObjects: 0.168200 ms)

========================================================================
Received Prepare
Registering precompiled user dll's ...
Registered in 0.001432 seconds.
Begin MonoManager ReloadAssembly
Native extension for WindowsStandalone target not found
Refreshing native plugins compatible for Editor in 0.73 ms, found 1 plugins.
Preloading 0 native plugins for Editor in 0.00 ms.
Mono: successfully reloaded assembly
- Completed reload, in  1.216 seconds
Platform modules already initialized, skipping
Refreshing native plugins compatible for Editor in 0.78 ms, found 1 plugins.
Preloading 0 native plugins for Editor in 0.00 ms.
Unloading 2610 Unused Serialized files (Serialized files now loaded: 0)
System memory in use before: 112.3 MB.
System memory in use after: 112.3 MB.

Unloading 13 unused Assets to reduce memory usage. Loaded Objects now: 3225.
Total: 3.988000 ms (FindLiveObjects: 0.379800 ms CreateObjectMapping: 0.363100 ms MarkObjects: 3.090700 ms  DeleteObjects: 0.152500 ms)

========================================================================
Received Prepare
Registering precompiled user dll's ...
Registered in 0.935644 seconds.
Begin MonoManager ReloadAssembly
Native extension for WindowsStandalone target not found
Refreshing native plugins compatible for Editor in 0.47 ms, found 1 plugins.
Preloading 0 native plugins for Editor in 0.00 ms.
Mono: successfully reloaded assembly
- Completed reload, in  7.828 seconds
Platform modules already initialized, skipping
Refreshing native plugins compatible for Editor in 0.59 ms, found 1 plugins.
Preloading 0 native plugins for Editor in 0.00 ms.
Unloading 2610 Unused Serialized files (Serialized files now loaded: 0)
System memory in use before: 112.3 MB.
System memory in use after: 112.3 MB.

Unloading 13 unused Assets to reduce memory usage. Loaded Objects now: 3229.
Total: 2.749400 ms (FindLiveObjects: 0.314800 ms CreateObjectMapping: 0.151100 ms MarkObjects: 2.142300 ms  DeleteObjects: 0.139500 ms)

========================================================================
Received Prepare
Registering precompiled user dll's ...
Registered in 0.001785 seconds.
Begin MonoManager ReloadAssembly
Native extension for WindowsStandalone target not found
Refreshing native plugins compatible for Editor in 0.60 ms, found 1 plugins.
Preloading 0 native plugins for Editor in 0.00 ms.
Mono: successfully reloaded assembly
- Completed reload, in  1.164 seconds
Platform modules already initialized, skipping
Refreshing native plugins compatible for Editor in 0.54 ms, found 1 plugins.
Preloading 0 native plugins for Editor in 0.00 ms.
Unloading 2610 Unused Serialized files (Serialized files now loaded: 0)
System memory in use before: 112.3 MB.
System memory in use after: 112.4 MB.

Unloading 13 unused Assets to reduce memory usage. Loaded Objects now: 3233.
Total: 3.805500 ms (FindLiveObjects: 0.556700 ms CreateObjectMapping: 0.183100 ms MarkObjects: 2.902900 ms  DeleteObjects: 0.161000 ms)

========================================================================
Received Prepare
Registering precompiled user dll's ...
Registered in 0.001439 seconds.
Begin MonoManager ReloadAssembly
Native extension for WindowsStandalone target not found
Refreshing native plugins compatible for Editor in 0.58 ms, found 1 plugins.
Preloading 0 native plugins for Editor in 0.00 ms.
Mono: successfully reloaded assembly
- Completed reload, in  1.295 seconds
Platform modules already initialized, skipping
Refreshing native plugins compatible for Editor in 0.53 ms, found 1 plugins.
Preloading 0 native plugins for Editor in 0.00 ms.
Unloading 2611 Unused Serialized files (Serialized files now loaded: 0)
System memory in use before: 112.3 MB.
System memory in use after: 112.4 MB.

Unloading 13 unused Assets to reduce memory usage. Loaded Objects now: 3238.
Total: 2.890200 ms (FindLiveObjects: 0.291200 ms CreateObjectMapping: 0.143900 ms MarkObjects: 2.242300 ms  DeleteObjects: 0.211500 ms)

========================================================================
Received Prepare
Registering precompiled user dll's ...
Registered in 0.001503 seconds.
Begin MonoManager ReloadAssembly
Native extension for WindowsStandalone target not found
Refreshing native plugins compatible for Editor in 1.01 ms, found 1 plugins.
Preloading 0 native plugins for Editor in 0.00 ms.
Mono: successfully reloaded assembly
- Completed reload, in  1.234 seconds
Platform modules already initialized, skipping
Refreshing native plugins compatible for Editor in 0.56 ms, found 1 plugins.
Preloading 0 native plugins for Editor in 0.00 ms.
Unloading 2611 Unused Serialized files (Serialized files now loaded: 0)
System memory in use before: 112.3 MB.
System memory in use after: 112.4 MB.

Unloading 13 unused Assets to reduce memory usage. Loaded Objects now: 3242.
Total: 2.890100 ms (FindLiveObjects: 0.285400 ms CreateObjectMapping: 0.197300 ms MarkObjects: 2.221500 ms  DeleteObjects: 0.184600 ms)

========================================================================
Received Prepare
Registering precompiled user dll's ...
Registered in 0.001896 seconds.
Begin MonoManager ReloadAssembly
Native extension for WindowsStandalone target not found
Refreshing native plugins compatible for Editor in 0.52 ms, found 1 plugins.
Preloading 0 native plugins for Editor in 0.00 ms.
Mono: successfully reloaded assembly
- Completed reload, in  1.160 seconds
Platform modules already initialized, skipping
Refreshing native plugins compatible for Editor in 0.54 ms, found 1 plugins.
Preloading 0 native plugins for Editor in 0.00 ms.
Unloading 2611 Unused Serialized files (Serialized files now loaded: 0)
System memory in use before: 112.3 MB.
System memory in use after: 112.4 MB.

Unloading 13 unused Assets to reduce memory usage. Loaded Objects now: 3246.
Total: 3.125100 ms (FindLiveObjects: 0.325700 ms CreateObjectMapping: 0.153300 ms MarkObjects: 2.469300 ms  DeleteObjects: 0.175600 ms)

========================================================================
Received Prepare
Registering precompiled user dll's ...
Registered in 0.001554 seconds.
Begin MonoManager ReloadAssembly
Native extension for WindowsStandalone target not found
Refreshing native plugins compatible for Editor in 0.56 ms, found 1 plugins.
Preloading 0 native plugins for Editor in 0.00 ms.
Mono: successfully reloaded assembly
- Completed reload, in  1.152 seconds
Platform modules already initialized, skipping
Refreshing native plugins compatible for Editor in 0.56 ms, found 1 plugins.
Preloading 0 native plugins for Editor in 0.00 ms.
Unloading 2611 Unused Serialized files (Serialized files now loaded: 0)
System memory in use before: 112.3 MB.
System memory in use after: 112.4 MB.

Unloading 13 unused Assets to reduce memory usage. Loaded Objects now: 3250.
Total: 3.156400 ms (FindLiveObjects: 0.423300 ms CreateObjectMapping: 0.154800 ms MarkObjects: 2.408400 ms  DeleteObjects: 0.168600 ms)

========================================================================
Received Prepare
Registering precompiled user dll's ...
Registered in 0.001609 seconds.
Begin MonoManager ReloadAssembly
Native extension for WindowsStandalone target not found
Refreshing native plugins compatible for Editor in 0.65 ms, found 1 plugins.
Preloading 0 native plugins for Editor in 0.00 ms.
Mono: successfully reloaded assembly
- Completed reload, in  1.224 seconds
Platform modules already initialized, skipping
Refreshing native plugins compatible for Editor in 0.53 ms, found 1 plugins.
Preloading 0 native plugins for Editor in 0.00 ms.
Unloading 2611 Unused Serialized files (Serialized files now loaded: 0)
System memory in use before: 112.2 MB.
System memory in use after: 112.3 MB.

Unloading 13 unused Assets to reduce memory usage. Loaded Objects now: 3254.
Total: 4.136700 ms (FindLiveObjects: 0.473700 ms CreateObjectMapping: 0.161400 ms MarkObjects: 3.324900 ms  DeleteObjects: 0.175400 ms)

========================================================================
Received Prepare
Registering precompiled user dll's ...
Registered in 0.002576 seconds.
Begin MonoManager ReloadAssembly
Native extension for WindowsStandalone target not found
Refreshing native plugins compatible for Editor in 0.53 ms, found 1 plugins.
Preloading 0 native plugins for Editor in 0.00 ms.
Mono: successfully reloaded assembly
- Completed reload, in  1.185 seconds
Platform modules already initialized, skipping
Refreshing native plugins compatible for Editor in 0.52 ms, found 1 plugins.
Preloading 0 native plugins for Editor in 0.00 ms.
Unloading 2611 Unused Serialized files (Serialized files now loaded: 0)
System memory in use before: 112.3 MB.
System memory in use after: 112.4 MB.

Unloading 13 unused Assets to reduce memory usage. Loaded Objects now: 3258.
Total: 3.513800 ms (FindLiveObjects: 0.530900 ms CreateObjectMapping: 0.174300 ms MarkObjects: 2.637000 ms  DeleteObjects: 0.170000 ms)

========================================================================
Received Prepare
Registering precompiled user dll's ...
Registered in 0.002080 seconds.
Begin MonoManager ReloadAssembly
Native extension for WindowsStandalone target not found
Refreshing native plugins compatible for Editor in 0.59 ms, found 1 plugins.
Preloading 0 native plugins for Editor in 0.00 ms.
Mono: successfully reloaded assembly
- Completed reload, in  1.163 seconds
Platform modules already initialized, skipping
Refreshing native plugins compatible for Editor in 0.53 ms, found 1 plugins.
Preloading 0 native plugins for Editor in 0.00 ms.
Unloading 2611 Unused Serialized files (Serialized files now loaded: 0)
System memory in use before: 112.4 MB.
System memory in use after: 112.4 MB.

Unloading 13 unused Assets to reduce memory usage. Loaded Objects now: 3262.
Total: 11.755200 ms (FindLiveObjects: 0.336300 ms CreateObjectMapping: 0.154500 ms MarkObjects: 11.103000 ms  DeleteObjects: 0.159300 ms)

========================================================================
Received Import Request.
  Time since last request: 3206.144399 seconds.
  path: Assets/Palettes/ColiisionTIle.cs
  artifactKey: Guid(e61588ce1d218fa4f8686accc9129e5c) Importer(815301076,1909f56bfc062723c751e8b465ee728b)
Start importing Assets/Palettes/ColiisionTIle.cs using Guid(e61588ce1d218fa4f8686accc9129e5c) Importer(815301076,1909f56bfc062723c751e8b465ee728b)  -> (artifact id: '615c70aea3ea0d6152186b30aae26206') in 0.140991 seconds
  Import took 0.153443 seconds .

========================================================================
Received Prepare
Registering precompiled user dll's ...
Registered in 0.001446 seconds.
Begin MonoManager ReloadAssembly
Native extension for WindowsStandalone target not found
Refreshing native plugins compatible for Editor in 0.52 ms, found 1 plugins.
Preloading 0 native plugins for Editor in 0.00 ms.
Mono: successfully reloaded assembly
- Completed reload, in  1.346 seconds
Platform modules already initialized, skipping
Refreshing native plugins compatible for Editor in 0.58 ms, found 1 plugins.
Preloading 0 native plugins for Editor in 0.00 ms.
Unloading 2612 Unused Serialized files (Serialized files now loaded: 0)
System memory in use before: 112.4 MB.
System memory in use after: 112.5 MB.

Unloading 13 unused Assets to reduce memory usage. Loaded Objects now: 3267.
Total: 2.872600 ms (FindLiveObjects: 0.379800 ms CreateObjectMapping: 0.218600 ms MarkObjects: 2.149200 ms  DeleteObjects: 0.123800 ms)

========================================================================
Received Prepare
Registering precompiled user dll's ...
Registered in 0.001411 seconds.
Begin MonoManager ReloadAssembly
Native extension for WindowsStandalone target not found
Refreshing native plugins compatible for Editor in 0.47 ms, found 1 plugins.
Preloading 0 native plugins for Editor in 0.00 ms.
Mono: successfully reloaded assembly
- Completed reload, in  1.235 seconds
Platform modules already initialized, skipping
Refreshing native plugins compatible for Editor in 0.57 ms, found 1 plugins.
Preloading 0 native plugins for Editor in 0.00 ms.
Unloading 2612 Unused Serialized files (Serialized files now loaded: 0)
System memory in use before: 112.4 MB.
System memory in use after: 112.5 MB.

Unloading 13 unused Assets to reduce memory usage. Loaded Objects now: 3271.
Total: 3.833700 ms (FindLiveObjects: 0.398400 ms CreateObjectMapping: 0.285400 ms MarkObjects: 2.969900 ms  DeleteObjects: 0.178000 ms)

========================================================================
Received Import Request.
  Time since last request: 45.665637 seconds.
  path: Assets/Palettes/ColiisionTile.cs
  artifactKey: Guid(e61588ce1d218fa4f8686accc9129e5c) Importer(815301076,1909f56bfc062723c751e8b465ee728b)
Start importing Assets/Palettes/ColiisionTile.cs using Guid(e61588ce1d218fa4f8686accc9129e5c) Importer(815301076,1909f56bfc062723c751e8b465ee728b)  -> (artifact id: 'aef8029b00ae7f82afe9c93fc4ceb49f') in 0.010238 seconds
  Import took 0.015345 seconds .

========================================================================
Received Prepare
Registering precompiled user dll's ...
Registered in 0.001792 seconds.
Begin MonoManager ReloadAssembly
Native extension for WindowsStandalone target not found
Refreshing native plugins compatible for Editor in 0.58 ms, found 1 plugins.
Preloading 0 native plugins for Editor in 0.00 ms.
Mono: successfully reloaded assembly
- Completed reload, in  1.149 seconds
Platform modules already initialized, skipping
Refreshing native plugins compatible for Editor in 0.56 ms, found 1 plugins.
Preloading 0 native plugins for Editor in 0.00 ms.
Unloading 2612 Unused Serialized files (Serialized files now loaded: 0)
System memory in use before: 112.3 MB.
System memory in use after: 112.4 MB.

Unloading 13 unused Assets to reduce memory usage. Loaded Objects now: 3275.
Total: 3.279700 ms (FindLiveObjects: 0.332800 ms CreateObjectMapping: 0.152100 ms MarkObjects: 2.615500 ms  DeleteObjects: 0.177800 ms)

========================================================================
Received Import Request.
  Time since last request: 75.255675 seconds.
  path: Assets/Palettes/ColiisionTile.cs
  artifactKey: Guid(e61588ce1d218fa4f8686accc9129e5c) Importer(815301076,1909f56bfc062723c751e8b465ee728b)
Start importing Assets/Palettes/ColiisionTile.cs using Guid(e61588ce1d218fa4f8686accc9129e5c) Importer(815301076,1909f56bfc062723c751e8b465ee728b)  -> (artifact id: '227720e112cf672d72c2551d66c396d0') in 0.102720 seconds
  Import took 0.124112 seconds .

========================================================================
Received Prepare
Registering precompiled user dll's ...
Registered in 0.001445 seconds.
Begin MonoManager ReloadAssembly
Native extension for WindowsStandalone target not found
Refreshing native plugins compatible for Editor in 0.49 ms, found 1 plugins.
Preloading 0 native plugins for Editor in 0.00 ms.
Mono: successfully reloaded assembly
- Completed reload, in  1.282 seconds
Platform modules already initialized, skipping
Refreshing native plugins compatible for Editor in 1.31 ms, found 1 plugins.
Preloading 0 native plugins for Editor in 0.00 ms.
Unloading 2612 Unused Serialized files (Serialized files now loaded: 0)
System memory in use before: 112.4 MB.
System memory in use after: 112.5 MB.

Unloading 13 unused Assets to reduce memory usage. Loaded Objects now: 3279.
Total: 4.876300 ms (FindLiveObjects: 1.210700 ms CreateObjectMapping: 0.294700 ms MarkObjects: 3.181800 ms  DeleteObjects: 0.186700 ms)

========================================================================
Received Prepare
Registering precompiled user dll's ...
Registered in 0.001494 seconds.
Begin MonoManager ReloadAssembly
Native extension for WindowsStandalone target not found
Refreshing native plugins compatible for Editor in 0.53 ms, found 1 plugins.
Preloading 0 native plugins for Editor in 0.00 ms.
Mono: successfully reloaded assembly
- Completed reload, in  1.507 seconds
Platform modules already initialized, skipping
Refreshing native plugins compatible for Editor in 0.53 ms, found 1 plugins.
Preloading 0 native plugins for Editor in 0.00 ms.
Unloading 2611 Unused Serialized files (Serialized files now loaded: 0)
System memory in use before: 112.4 MB.
System memory in use after: 112.5 MB.

Unloading 14 unused Assets to reduce memory usage. Loaded Objects now: 3282.
Total: 3.493300 ms (FindLiveObjects: 0.442900 ms CreateObjectMapping: 0.306400 ms MarkObjects: 2.577700 ms  DeleteObjects: 0.164200 ms)

========================================================================
Received Prepare
Registering precompiled user dll's ...
Registered in 0.001772 seconds.
Begin MonoManager ReloadAssembly
Native extension for WindowsStandalone target not found
Refreshing native plugins compatible for Editor in 0.57 ms, found 1 plugins.
Preloading 0 native plugins for Editor in 0.00 ms.
Mono: successfully reloaded assembly
- Completed reload, in  1.197 seconds
Platform modules already initialized, skipping
Refreshing native plugins compatible for Editor in 0.71 ms, found 1 plugins.
Preloading 0 native plugins for Editor in 0.00 ms.
Unloading 2611 Unused Serialized files (Serialized files now loaded: 0)
System memory in use before: 112.4 MB.
System memory in use after: 112.5 MB.

Unloading 13 unused Assets to reduce memory usage. Loaded Objects now: 3286.
Total: 3.067700 ms (FindLiveObjects: 0.303900 ms CreateObjectMapping: 0.161100 ms MarkObjects: 2.399400 ms  DeleteObjects: 0.202200 ms)

========================================================================
Received Prepare
Registering precompiled user dll's ...
Registered in 0.001663 seconds.
Begin MonoManager ReloadAssembly
Native extension for WindowsStandalone target not found
Refreshing native plugins compatible for Editor in 1.01 ms, found 1 plugins.
Preloading 0 native plugins for Editor in 0.00 ms.
Mono: successfully reloaded assembly
- Completed reload, in  1.255 seconds
Platform modules already initialized, skipping
Refreshing native plugins compatible for Editor in 0.52 ms, found 1 plugins.
Preloading 0 native plugins for Editor in 0.00 ms.
Unloading 2611 Unused Serialized files (Serialized files now loaded: 0)
System memory in use before: 112.4 MB.
System memory in use after: 112.5 MB.

Unloading 13 unused Assets to reduce memory usage. Loaded Objects now: 3290.
Total: 3.083700 ms (FindLiveObjects: 0.312800 ms CreateObjectMapping: 0.147000 ms MarkObjects: 2.449200 ms  DeleteObjects: 0.173600 ms)

========================================================================
Received Prepare
Registering precompiled user dll's ...
Registered in 0.001449 seconds.
Begin MonoManager ReloadAssembly
Native extension for WindowsStandalone target not found
Refreshing native plugins compatible for Editor in 0.49 ms, found 1 plugins.
Preloading 0 native plugins for Editor in 0.00 ms.
Mono: successfully reloaded assembly
- Completed reload, in  1.225 seconds
Platform modules already initialized, skipping
Refreshing native plugins compatible for Editor in 1.50 ms, found 1 plugins.
Preloading 0 native plugins for Editor in 0.00 ms.
Unloading 2611 Unused Serialized files (Serialized files now loaded: 0)
System memory in use before: 112.4 MB.
System memory in use after: 112.5 MB.

Unloading 13 unused Assets to reduce memory usage. Loaded Objects now: 3294.
Total: 2.827300 ms (FindLiveObjects: 0.391400 ms CreateObjectMapping: 0.159800 ms MarkObjects: 2.114500 ms  DeleteObjects: 0.159700 ms)

========================================================================
Received Prepare
Registering precompiled user dll's ...
Registered in 0.001464 seconds.
Begin MonoManager ReloadAssembly
Native extension for WindowsStandalone target not found
Refreshing native plugins compatible for Editor in 0.58 ms, found 1 plugins.
Preloading 0 native plugins for Editor in 0.00 ms.
Mono: successfully reloaded assembly
- Completed reload, in  1.249 seconds
Platform modules already initialized, skipping
Refreshing native plugins compatible for Editor in 0.54 ms, found 1 plugins.
Preloading 0 native plugins for Editor in 0.00 ms.
Unloading 2611 Unused Serialized files (Serialized files now loaded: 0)
System memory in use before: 112.4 MB.
System memory in use after: 112.5 MB.

Unloading 13 unused Assets to reduce memory usage. Loaded Objects now: 3298.
Total: 2.993400 ms (FindLiveObjects: 0.374900 ms CreateObjectMapping: 0.198800 ms MarkObjects: 2.240200 ms  DeleteObjects: 0.178100 ms)

========================================================================
Received Prepare
Registering precompiled user dll's ...
Registered in 0.001625 seconds.
Begin MonoManager ReloadAssembly
Native extension for WindowsStandalone target not found
Refreshing native plugins compatible for Editor in 0.52 ms, found 1 plugins.
Preloading 0 native plugins for Editor in 0.00 ms.
Mono: successfully reloaded assembly
- Completed reload, in  1.245 seconds
Platform modules already initialized, skipping
Refreshing native plugins compatible for Editor in 0.53 ms, found 1 plugins.
Preloading 0 native plugins for Editor in 0.00 ms.
Unloading 2611 Unused Serialized files (Serialized files now loaded: 0)
System memory in use before: 112.4 MB.
System memory in use after: 112.5 MB.

Unloading 13 unused Assets to reduce memory usage. Loaded Objects now: 3302.
Total: 2.909100 ms (FindLiveObjects: 0.331400 ms CreateObjectMapping: 0.176600 ms MarkObjects: 2.221800 ms  DeleteObjects: 0.178200 ms)

========================================================================
Received Prepare
Registering precompiled user dll's ...
Registered in 0.001567 seconds.
Begin MonoManager ReloadAssembly
Native extension for WindowsStandalone target not found
Refreshing native plugins compatible for Editor in 0.54 ms, found 1 plugins.
Preloading 0 native plugins for Editor in 0.00 ms.
Mono: successfully reloaded assembly
- Completed reload, in  1.206 seconds
Platform modules already initialized, skipping
Refreshing native plugins compatible for Editor in 0.54 ms, found 1 plugins.
Preloading 0 native plugins for Editor in 0.00 ms.
Unloading 2611 Unused Serialized files (Serialized files now loaded: 0)
System memory in use before: 112.4 MB.
System memory in use after: 112.4 MB.

Unloading 13 unused Assets to reduce memory usage. Loaded Objects now: 3306.
Total: 2.855400 ms (FindLiveObjects: 0.307200 ms CreateObjectMapping: 0.184100 ms MarkObjects: 2.184100 ms  DeleteObjects: 0.178700 ms)

========================================================================
Received Prepare
Registering precompiled user dll's ...
Registered in 0.001601 seconds.
Begin MonoManager ReloadAssembly
Native extension for WindowsStandalone target not found
Refreshing native plugins compatible for Editor in 0.52 ms, found 1 plugins.
Preloading 0 native plugins for Editor in 0.00 ms.
Mono: successfully reloaded assembly
- Completed reload, in  1.265 seconds
Platform modules already initialized, skipping
Refreshing native plugins compatible for Editor in 0.53 ms, found 1 plugins.
Preloading 0 native plugins for Editor in 0.00 ms.
Unloading 2611 Unused Serialized files (Serialized files now loaded: 0)
System memory in use before: 112.5 MB.
System memory in use after: 112.6 MB.

Unloading 13 unused Assets to reduce memory usage. Loaded Objects now: 3310.
Total: 3.470400 ms (FindLiveObjects: 0.578600 ms CreateObjectMapping: 0.263000 ms MarkObjects: 2.431600 ms  DeleteObjects: 0.195300 ms)

========================================================================
Received Prepare
Registering precompiled user dll's ...
Registered in 0.001472 seconds.
Begin MonoManager ReloadAssembly
Native extension for WindowsStandalone target not found
Refreshing native plugins compatible for Editor in 0.48 ms, found 1 plugins.
Preloading 0 native plugins for Editor in 0.00 ms.
Mono: successfully reloaded assembly
- Completed reload, in  1.118 seconds
Platform modules already initialized, skipping
Refreshing native plugins compatible for Editor in 0.63 ms, found 1 plugins.
Preloading 0 native plugins for Editor in 0.00 ms.
Unloading 2611 Unused Serialized files (Serialized files now loaded: 0)
System memory in use before: 112.5 MB.
System memory in use after: 112.6 MB.

Unloading 13 unused Assets to reduce memory usage. Loaded Objects now: 3314.
Total: 3.352600 ms (FindLiveObjects: 0.336400 ms CreateObjectMapping: 0.190500 ms MarkObjects: 2.641300 ms  DeleteObjects: 0.182700 ms)

========================================================================
Received Prepare
Registering precompiled user dll's ...
Registered in 0.001566 seconds.
Begin MonoManager ReloadAssembly
Native extension for WindowsStandalone target not found
Refreshing native plugins compatible for Editor in 0.56 ms, found 1 plugins.
Preloading 0 native plugins for Editor in 0.00 ms.
Mono: successfully reloaded assembly
- Completed reload, in  1.141 seconds
Platform modules already initialized, skipping
Refreshing native plugins compatible for Editor in 0.52 ms, found 1 plugins.
Preloading 0 native plugins for Editor in 0.00 ms.
Unloading 2611 Unused Serialized files (Serialized files now loaded: 0)
System memory in use before: 112.5 MB.
System memory in use after: 112.6 MB.

Unloading 13 unused Assets to reduce memory usage. Loaded Objects now: 3318.
Total: 2.891600 ms (FindLiveObjects: 0.323000 ms CreateObjectMapping: 0.181800 ms MarkObjects: 2.187200 ms  DeleteObjects: 0.198300 ms)

========================================================================
Received Prepare
Registering precompiled user dll's ...
Registered in 0.001734 seconds.
Begin MonoManager ReloadAssembly
Native extension for WindowsStandalone target not found
Refreshing native plugins compatible for Editor in 0.77 ms, found 1 plugins.
Preloading 0 native plugins for Editor in 0.00 ms.
Mono: successfully reloaded assembly
- Completed reload, in  1.230 seconds
Platform modules already initialized, skipping
Refreshing native plugins compatible for Editor in 0.66 ms, found 1 plugins.
Preloading 0 native plugins for Editor in 0.00 ms.
Unloading 2611 Unused Serialized files (Serialized files now loaded: 0)
System memory in use before: 112.5 MB.
System memory in use after: 112.6 MB.

Unloading 13 unused Assets to reduce memory usage. Loaded Objects now: 3322.
Total: 2.886300 ms (FindLiveObjects: 0.318000 ms CreateObjectMapping: 0.190000 ms MarkObjects: 2.198200 ms  DeleteObjects: 0.179100 ms)

========================================================================
Received Prepare
Registering precompiled user dll's ...
Registered in 0.001497 seconds.
Begin MonoManager ReloadAssembly
Native extension for WindowsStandalone target not found
Refreshing native plugins compatible for Editor in 0.62 ms, found 1 plugins.
Preloading 0 native plugins for Editor in 0.00 ms.
Mono: successfully reloaded assembly
- Completed reload, in  1.194 seconds
Platform modules already initialized, skipping
Refreshing native plugins compatible for Editor in 0.55 ms, found 1 plugins.
Preloading 0 native plugins for Editor in 0.00 ms.
Unloading 2611 Unused Serialized files (Serialized files now loaded: 0)
System memory in use before: 112.4 MB.
System memory in use after: 112.5 MB.

Unloading 13 unused Assets to reduce memory usage. Loaded Objects now: 3326.
Total: 3.734500 ms (FindLiveObjects: 0.483300 ms CreateObjectMapping: 0.238700 ms MarkObjects: 2.758000 ms  DeleteObjects: 0.253000 ms)

========================================================================
Received Prepare
Registering precompiled user dll's ...
Registered in 0.001406 seconds.
Begin MonoManager ReloadAssembly
Native extension for WindowsStandalone target not found
Refreshing native plugins compatible for Editor in 0.68 ms, found 1 plugins.
Preloading 0 native plugins for Editor in 0.00 ms.
Mono: successfully reloaded assembly
- Completed reload, in  1.450 seconds
Platform modules already initialized, skipping
Refreshing native plugins compatible for Editor in 0.60 ms, found 1 plugins.
Preloading 0 native plugins for Editor in 0.00 ms.
Unloading 2611 Unused Serialized files (Serialized files now loaded: 0)
System memory in use before: 112.5 MB.
System memory in use after: 112.6 MB.

Unloading 13 unused Assets to reduce memory usage. Loaded Objects now: 3330.
Total: 3.981600 ms (FindLiveObjects: 0.344500 ms CreateObjectMapping: 0.217700 ms MarkObjects: 3.255100 ms  DeleteObjects: 0.162400 ms)

========================================================================
Received Prepare
Registering precompiled user dll's ...
Registered in 0.001444 seconds.
Begin MonoManager ReloadAssembly
Native extension for WindowsStandalone target not found
Refreshing native plugins compatible for Editor in 0.50 ms, found 1 plugins.
Preloading 0 native plugins for Editor in 0.00 ms.
Mono: successfully reloaded assembly
- Completed reload, in  1.218 seconds
Platform modules already initialized, skipping
Refreshing native plugins compatible for Editor in 0.54 ms, found 1 plugins.
Preloading 0 native plugins for Editor in 0.00 ms.
Unloading 2611 Unused Serialized files (Serialized files now loaded: 0)
System memory in use before: 112.5 MB.
System memory in use after: 112.6 MB.

Unloading 13 unused Assets to reduce memory usage. Loaded Objects now: 3334.
Total: 3.537600 ms (FindLiveObjects: 0.738900 ms CreateObjectMapping: 0.255800 ms MarkObjects: 2.339400 ms  DeleteObjects: 0.202400 ms)

========================================================================
Received Prepare
Registering precompiled user dll's ...
Registered in 0.001708 seconds.
Begin MonoManager ReloadAssembly
Native extension for WindowsStandalone target not found
Refreshing native plugins compatible for Editor in 0.57 ms, found 1 plugins.
Preloading 0 native plugins for Editor in 0.00 ms.
Mono: successfully reloaded assembly
- Completed reload, in  1.194 seconds
Platform modules already initialized, skipping
Refreshing native plugins compatible for Editor in 0.53 ms, found 1 plugins.
Preloading 0 native plugins for Editor in 0.00 ms.
Unloading 2611 Unused Serialized files (Serialized files now loaded: 0)
System memory in use before: 112.5 MB.
System memory in use after: 112.6 MB.

Unloading 13 unused Assets to reduce memory usage. Loaded Objects now: 3338.
Total: 3.506500 ms (FindLiveObjects: 0.597400 ms CreateObjectMapping: 0.309800 ms MarkObjects: 2.404400 ms  DeleteObjects: 0.193600 ms)

========================================================================
Received Prepare
Registering precompiled user dll's ...
Registered in 0.001456 seconds.
Begin MonoManager ReloadAssembly
Native extension for WindowsStandalone target not found
Refreshing native plugins compatible for Editor in 0.60 ms, found 1 plugins.
Preloading 0 native plugins for Editor in 0.00 ms.
Mono: successfully reloaded assembly
- Completed reload, in  1.390 seconds
Platform modules already initialized, skipping
Refreshing native plugins compatible for Editor in 0.59 ms, found 1 plugins.
Preloading 0 native plugins for Editor in 0.00 ms.
Unloading 2611 Unused Serialized files (Serialized files now loaded: 0)
System memory in use before: 112.5 MB.
System memory in use after: 112.6 MB.

Unloading 13 unused Assets to reduce memory usage. Loaded Objects now: 3342.
Total: 3.500000 ms (FindLiveObjects: 0.361600 ms CreateObjectMapping: 0.303000 ms MarkObjects: 2.653300 ms  DeleteObjects: 0.180100 ms)

========================================================================
Received Prepare
Registering precompiled user dll's ...
Registered in 0.001527 seconds.
Begin MonoManager ReloadAssembly
Native extension for WindowsStandalone target not found
Refreshing native plugins compatible for Editor in 0.47 ms, found 1 plugins.
Preloading 0 native plugins for Editor in 0.00 ms.
Mono: successfully reloaded assembly
- Completed reload, in  1.046 seconds
Platform modules already initialized, skipping
Refreshing native plugins compatible for Editor in 0.56 ms, found 1 plugins.
Preloading 0 native plugins for Editor in 0.00 ms.
Unloading 2611 Unused Serialized files (Serialized files now loaded: 0)
System memory in use before: 112.4 MB.
System memory in use after: 112.5 MB.

Unloading 13 unused Assets to reduce memory usage. Loaded Objects now: 3346.
Total: 3.031100 ms (FindLiveObjects: 0.354400 ms CreateObjectMapping: 0.202900 ms MarkObjects: 2.267600 ms  DeleteObjects: 0.203900 ms)

========================================================================
Received Prepare
Registering precompiled user dll's ...
Registered in 0.002261 seconds.
Begin MonoManager ReloadAssembly
Native extension for WindowsStandalone target not found
Refreshing native plugins compatible for Editor in 1.29 ms, found 1 plugins.
Preloading 0 native plugins for Editor in 0.00 ms.
Mono: successfully reloaded assembly
- Completed reload, in  1.160 seconds
Platform modules already initialized, skipping
Refreshing native plugins compatible for Editor in 0.59 ms, found 1 plugins.
Preloading 0 native plugins for Editor in 0.00 ms.
Unloading 2611 Unused Serialized files (Serialized files now loaded: 0)
System memory in use before: 112.5 MB.
System memory in use after: 112.6 MB.

Unloading 13 unused Assets to reduce memory usage. Loaded Objects now: 3350.
Total: 4.088700 ms (FindLiveObjects: 0.795900 ms CreateObjectMapping: 0.300100 ms MarkObjects: 2.814500 ms  DeleteObjects: 0.176600 ms)

========================================================================
Received Prepare
Registering precompiled user dll's ...
Registered in 0.001454 seconds.
Begin MonoManager ReloadAssembly
Native extension for WindowsStandalone target not found
Refreshing native plugins compatible for Editor in 0.50 ms, found 1 plugins.
Preloading 0 native plugins for Editor in 0.00 ms.
Mono: successfully reloaded assembly
- Completed reload, in  1.095 seconds
Platform modules already initialized, skipping
Refreshing native plugins compatible for Editor in 0.53 ms, found 1 plugins.
Preloading 0 native plugins for Editor in 0.00 ms.
Unloading 2611 Unused Serialized files (Serialized files now loaded: 0)
System memory in use before: 112.6 MB.
System memory in use after: 112.6 MB.

Unloading 13 unused Assets to reduce memory usage. Loaded Objects now: 3354.
Total: 3.103800 ms (FindLiveObjects: 0.320700 ms CreateObjectMapping: 0.254100 ms MarkObjects: 2.347600 ms  DeleteObjects: 0.179900 ms)

AssetImportWorkerClient::OnTransportError - code=2 error=End of file
